2011-01-08 08:44:05 Notice: Notice (8): Undefined index: sales in [/var/www/bookstore/app_controller.php, line 47]
2011-01-08 09:12:05 Notice: Notice (8): Undefined property: BooksController::$param in [/var/www/bookstore/controllers/books_controller.php, line 70]
2011-01-08 09:19:00 Notice: Notice (8): Undefined property: BooksController::$RequestHandler in [/var/www/bookstore/controllers/books_controller.php, line 9]
2011-01-08 09:19:38 Notice: Notice (8): Undefined property: BooksController::$RequestHandler in [/var/www/bookstore/controllers/books_controller.php, line 9]
2011-01-08 09:21:11 Notice: Notice (8): Undefined property: SalesController::$Session in [/var/www/bookstore/app_controller.php, line 45]
2011-01-08 11:18:03 Notice: Notice (8): session_start() [http://php.net/function.session-start]: ps_files_cleanup_dir: opendir(/var/lib/php5) failed: Permission denied (13) in [/usr/share/php/cake/libs/cake_session.php, line 587]
2011-01-08 11:35:14 Notice: Notice (8): Undefined variable: radioOptions in [/usr/share/php/cake/libs/view/helpers/form.php, line 863]
2011-01-08 12:59:53 Notice: Notice (8): Undefined index: sales in [/var/www/bookstore/app_controller.php, line 49]
2011-01-08 18:54:00 Notice: Notice (8): Undefined index: books in [/var/www/bookstore/app_controller.php, line 49]
2011-01-08 18:54:02 Notice: Notice (8): Undefined index: sales in [/var/www/bookstore/app_controller.php, line 49]
2011-01-09 10:08:38 Notice: Notice (8): Undefined index: sales in [/var/www/bookstore/app_controller.php, line 49]
2011-01-09 10:34:44 Notice: Notice (8): Array to string conversion in [/usr/share/php/cake/libs/router.php, line 939]
2011-01-09 10:34:48 Notice: Notice (8): Array to string conversion in [/usr/share/php/cake/libs/router.php, line 939]
2011-01-09 10:39:09 Notice: Notice (8): Array to string conversion in [/usr/share/php/cake/libs/router.php, line 939]
2011-01-09 19:45:03 Notice: Notice (8): Undefined index: sales in [/var/www/bookstore/app_controller.php, line 49]
2011-01-10 08:14:32 Notice: Notice (8): Undefined index: sales in [/var/www/bookstore/app_controller.php, line 49]
2011-01-10 13:52:43 Notice: Notice (8): Undefined index: books in [/var/www/bookstore/app_controller.php, line 49]
2011-01-10 16:17:11 Notice: Notice (8): Undefined index: sales in [/var/www/bookstore/app_controller.php, line 49]
2011-01-10 17:40:50 Notice: Notice (8): Undefined property: SalesController::$Book in [/var/www/bookstore/controllers/sales_controller.php, line 96]
2011-01-10 19:15:50 Notice: Notice (8): session_start() [http://php.net/function.session-start]: ps_files_cleanup_dir: opendir(/var/lib/php5) failed: Permission denied (13) in [/usr/share/php/cake/libs/cake_session.php, line 587]
2011-01-10 20:47:35 Notice: Notice (8): Undefined index: sales in [/var/www/bookstore/app_controller.php, line 49]
2011-01-10 22:34:26 Notice: Notice (8): session_start() [http://php.net/function.session-start]: ps_files_cleanup_dir: opendir(/var/lib/php5) failed: Permission denied (13) in [/usr/share/php/cake/libs/cake_session.php, line 587]
2011-01-10 22:36:33 Notice: Notice (8): session_start() [http://php.net/function.session-start]: ps_files_cleanup_dir: opendir(/var/lib/php5) failed: Permission denied (13) in [/usr/share/php/cake/libs/cake_session.php, line 587]
2011-01-10 23:19:50 Notice: Notice (8): Undefined index: customer_id in [/var/www/bookstore/views/carts/view.ctp, line 60]
2011-01-10 23:19:50 Notice: Notice (8): Undefined index: discount in [/var/www/bookstore/views/carts/view.ctp, line 62]
2011-01-10 23:26:12 Notice: Notice (8): Undefined index: date in [/var/www/bookstore/views/carts/view.ctp, line 3]
2011-01-10 23:26:12 Notice: Notice (8): Undefined index: customer_id in [/var/www/bookstore/views/carts/view.ctp, line 30]
2011-01-10 23:26:12 Notice: Notice (8): Undefined index: discount in [/var/www/bookstore/views/carts/view.ctp, line 32]
2011-01-10 23:26:28 Notice: Notice (8): Undefined index: customer_id in [/var/www/bookstore/views/carts/view.ctp, line 30]
2011-01-10 23:26:28 Notice: Notice (8): Undefined index: discount in [/var/www/bookstore/views/carts/view.ctp, line 32]
2011-01-10 23:27:20 Notice: Notice (8): Undefined index: customer_id in [/var/www/bookstore/views/carts/view.ctp, line 30]
2011-01-10 23:27:20 Notice: Notice (8): Undefined index: discount in [/var/www/bookstore/views/carts/view.ctp, line 32]
2011-01-10 23:33:38 Notice: Notice (8): Undefined index: published in [/var/www/bookstore/views/carts/view.ctp, line 28]
2011-01-10 23:33:38 Notice: Notice (8): Undefined variable: author in [/var/www/bookstore/views/carts/view.ctp, line 32]
2011-01-10 23:34:04 Notice: Notice (8): Undefined variable: author in [/var/www/bookstore/views/carts/view.ctp, line 32]
2011-01-10 23:34:14 Notice: Notice (8): Undefined variable: authors in [/var/www/bookstore/views/carts/view.ctp, line 32]
2011-01-10 23:34:30 Notice: Notice (8): Undefined index: Author in [/var/www/bookstore/views/carts/view.ctp, line 32]
2011-01-10 23:34:45 Notice: Notice (8): Undefined index: Author in [/var/www/bookstore/views/carts/view.ctp, line 32]
2011-01-10 23:36:12 Notice: Notice (8): Undefined index: Author in [/var/www/bookstore/views/carts/view.ctp, line 32]
2011-01-10 23:37:34 Notice: Notice (8): Undefined index: 1 in [/var/www/bookstore/views/carts/view.ctp, line 32]
2011-01-10 23:38:15 Notice: Notice (8): Undefined index: 1 in [/var/www/bookstore/views/carts/view.ctp, line 32]
2011-01-10 23:41:46 Notice: Notice (8): Undefined variable: authors in [/var/www/bookstore/views/carts/view.ctp, line 32]
2011-01-10 23:41:58 Notice: Notice (8): Undefined variable: authors in [/var/www/bookstore/views/carts/view.ctp, line 32]
2011-01-11 00:07:29 Notice: Notice (8): Undefined index: user_id in [/var/www/bookstore/views/books/view.ctp, line 141]
2011-01-11 00:07:29 Notice: Notice (8): Undefined index: date in [/var/www/bookstore/views/books/view.ctp, line 143]
2011-01-11 00:07:29 Notice: Notice (8): Undefined index: customer_id in [/var/www/bookstore/views/books/view.ctp, line 144]
2011-01-11 00:09:17 Notice: Notice (8): Undefined index: books in [/var/www/bookstore/app_controller.php, line 49]
2011-01-11 08:46:00 Notice: Notice (8): Undefined property: Cart::$Cart in [/var/www/bookstore/models/cart.php, line 32]
2011-01-11 08:46:00 Notice: Notice (8): Trying to get property of non-object in [/var/www/bookstore/models/cart.php, line 32]
2011-01-11 09:04:37 Notice: Notice (8): Undefined property: Cart::$Cart in [/var/www/bookstore/models/cart.php, line 32]
2011-01-11 09:04:37 Notice: Notice (8): Trying to get property of non-object in [/var/www/bookstore/models/cart.php, line 32]
2011-01-11 09:05:13 Notice: Notice (8): Undefined property: Cart::$Cart in [/var/www/bookstore/models/cart.php, line 32]
2011-01-11 09:05:13 Notice: Notice (8): Trying to get property of non-object in [/var/www/bookstore/models/cart.php, line 32]
2011-01-11 09:06:26 Notice: Notice (8): Undefined property: Cart::$Cart in [/var/www/bookstore/models/cart.php, line 32]
2011-01-11 09:06:26 Notice: Notice (8): Trying to get property of non-object in [/var/www/bookstore/models/cart.php, line 32]
2011-01-11 09:47:43 Notice: Notice (8): Undefined property: Cart::$Cart in [/var/www/bookstore/models/cart.php, line 32]
2011-01-11 09:47:43 Notice: Notice (8): Trying to get property of non-object in [/var/www/bookstore/models/cart.php, line 32]
2011-01-11 09:49:19 Notice: Notice (8): Undefined property: Cart::$Cart in [/var/www/bookstore/models/cart.php, line 32]
2011-01-11 09:49:19 Notice: Notice (8): Trying to get property of non-object in [/var/www/bookstore/models/cart.php, line 32]
2011-01-11 09:59:56 Notice: Notice (8): Undefined property: CartsController::$data in [/var/www/bookstore/controllers/carts_controller.php, line 41]
2011-01-11 11:32:06 Notice: Notice (8): Undefined property: SalesController::$Cart in [/var/www/bookstore/controllers/sales_controller.php, line 107]
2011-01-11 11:32:45 Notice: Notice (8): Use of undefined constant Cart - assumed 'Cart' in [/var/www/bookstore/controllers/sales_controller.php(112) : eval()'d code, line 1]
2011-01-11 11:32:45 Notice: Notice (8): Use of undefined constant date - assumed 'date' in [/var/www/bookstore/controllers/sales_controller.php(112) : eval()'d code, line 1]
2011-01-11 11:37:34 Notice: Notice (8): Use of undefined constant Cart - assumed 'Cart' in [/var/www/bookstore/controllers/sales_controller.php(111) : eval()'d code, line 1]
2011-01-11 11:37:34 Notice: Notice (8): Use of undefined constant date - assumed 'date' in [/var/www/bookstore/controllers/sales_controller.php(111) : eval()'d code, line 1]
2011-01-11 11:38:50 Notice: Notice (8): Use of undefined constant Cart - assumed 'Cart' in [/var/www/bookstore/controllers/sales_controller.php(111) : eval()'d code, line 1]
2011-01-11 11:38:50 Notice: Notice (8): Use of undefined constant date - assumed 'date' in [/var/www/bookstore/controllers/sales_controller.php(111) : eval()'d code, line 1]
2011-01-11 11:39:05 Notice: Notice (8): Use of undefined constant Cart - assumed 'Cart' in [/var/www/bookstore/controllers/sales_controller.php(111) : eval()'d code, line 1]
2011-01-11 11:39:05 Notice: Notice (8): Use of undefined constant date - assumed 'date' in [/var/www/bookstore/controllers/sales_controller.php(111) : eval()'d code, line 1]
2011-01-11 13:20:00 Notice: Notice (8): Undefined index: carts in [/var/www/bookstore/app_controller.php, line 49]
2011-01-11 14:26:15 Notice: Notice (8): Undefined index: pages in [/var/www/bookstore/app_controller.php, line 49]
2011-01-11 14:37:51 Notice: Notice (8): Undefined variable: intelli_reports in [/var/www/bookstore/views/carts/intelli_report.ctp, line 23]
2011-01-11 14:38:21 Notice: Notice (8): Undefined variable: intelli_reports in [/var/www/bookstore/views/carts/intelli_report.ctp, line 23]
2011-01-11 14:39:06 Notice: Notice (8): Undefined variable: intelli_reports in [/var/www/bookstore/views/carts/intelli_report.ctp, line 23]
2011-01-11 14:39:55 Notice: Notice (8): Undefined variable: intelli_reports in [/var/www/bookstore/views/carts/intelli_report.ctp, line 23]
2011-01-11 14:41:07 Notice: Notice (8): Undefined variable: intelli_reports in [/var/www/bookstore/views/carts/intelli_report.ctp, line 23]
2011-01-11 14:41:25 Notice: Notice (8): Undefined variable: intelli_reports in [/var/www/bookstore/views/carts/intelli_report.ctp, line 23]
2011-01-11 14:44:23 Notice: Notice (8): Undefined index: user_id in [/var/www/bookstore/views/books/view.ctp, line 141]
2011-01-11 14:44:23 Notice: Notice (8): Undefined index: date in [/var/www/bookstore/views/books/view.ctp, line 143]
2011-01-11 14:44:23 Notice: Notice (8): Undefined index: customer_id in [/var/www/bookstore/views/books/view.ctp, line 144]
2011-01-11 14:44:45 Notice: Notice (8): Undefined variable: intelli_reports in [/var/www/bookstore/views/carts/intelli_report.ctp, line 23]
2011-01-11 15:31:47 Notice: Notice (8): Undefined index: user_id in [/var/www/bookstore/views/books/view.ctp, line 141]
2011-01-11 15:31:47 Notice: Notice (8): Undefined index: date in [/var/www/bookstore/views/books/view.ctp, line 143]
2011-01-11 15:31:47 Notice: Notice (8): Undefined index: customer_id in [/var/www/bookstore/views/books/view.ctp, line 144]
2011-01-11 15:32:20 Notice: Notice (8): Undefined index: User in [/var/www/bookstore/views/sales/index.ctp, line 28]
2011-01-11 15:32:20 Notice: Notice (8): Undefined index: date in [/var/www/bookstore/views/sales/index.ctp, line 31]
2011-01-11 15:32:20 Notice: Notice (8): Undefined index: Customer in [/var/www/bookstore/views/sales/index.ctp, line 33]
2011-01-11 16:42:33 Notice: Notice (8): Undefined property: Cart::$Customer in [/var/www/bookstore/controllers/carts_controller.php, line 33]
2011-01-11 16:49:56 Notice: Notice (8): Undefined variable: sale in [/var/www/bookstore/views/carts/view.ctp, line 2]
2011-01-11 17:07:10 Notice: Notice (8): Undefined property: Cart::$Cart in [/var/www/bookstore/models/cart.php, line 48]
2011-01-11 17:07:10 Notice: Notice (8): Trying to get property of non-object in [/var/www/bookstore/models/cart.php, line 48]
2011-01-11 17:08:22 Notice: Notice (8): Undefined index: Cart in [/var/www/bookstore/controllers/carts_controller.php, line 41]
2011-01-11 17:32:50 Notice: Notice (8): Undefined variable: ajax in [/var/www/bookstore/views/carts/search.ctp, line 3]
2011-01-11 17:32:50 Notice: Notice (8): Undefined variable: ajax in [/var/www/bookstore/views/carts/search.ctp, line 3]
2011-01-11 17:32:50 Notice: Notice (8): Undefined variable: ajax in [/var/www/bookstore/views/carts/search.ctp, line 3]
2011-01-11 17:32:51 Notice: Notice (8): Undefined variable: ajax in [/var/www/bookstore/views/carts/search.ctp, line 3]
2011-01-11 17:32:51 Notice: Notice (8): Undefined variable: ajax in [/var/www/bookstore/views/carts/search.ctp, line 3]
2011-01-11 17:32:51 Notice: Notice (8): Undefined variable: ajax in [/var/www/bookstore/views/carts/search.ctp, line 3]
2011-01-11 17:32:51 Notice: Notice (8): Undefined variable: ajax in [/var/www/bookstore/views/carts/search.ctp, line 3]
2011-01-11 17:32:51 Notice: Notice (8): Undefined variable: ajax in [/var/www/bookstore/views/carts/search.ctp, line 3]
2011-01-11 17:32:52 Notice: Notice (8): Undefined variable: ajax in [/var/www/bookstore/views/carts/search.ctp, line 3]
2011-01-11 17:32:52 Notice: Notice (8): Undefined variable: ajax in [/var/www/bookstore/views/carts/search.ctp, line 3]
2011-01-11 17:32:52 Notice: Notice (8): Undefined variable: ajax in [/var/www/bookstore/views/carts/search.ctp, line 3]
2011-01-11 17:32:52 Notice: Notice (8): Undefined variable: ajax in [/var/www/bookstore/views/carts/search.ctp, line 3]
2011-01-11 17:32:52 Notice: Notice (8): Undefined variable: ajax in [/var/www/bookstore/views/carts/search.ctp, line 3]
2011-01-11 17:32:52 Notice: Notice (8): Undefined variable: ajax in [/var/www/bookstore/views/carts/search.ctp, line 3]
2011-01-11 17:32:53 Notice: Notice (8): Undefined variable: ajax in [/var/www/bookstore/views/carts/search.ctp, line 3]
2011-01-11 17:32:53 Notice: Notice (8): Undefined variable: ajax in [/var/www/bookstore/views/carts/search.ctp, line 3]
2011-01-11 17:32:53 Notice: Notice (8): Undefined variable: ajax in [/var/www/bookstore/views/carts/search.ctp, line 3]
2011-01-11 17:32:53 Notice: Notice (8): Undefined variable: ajax in [/var/www/bookstore/views/carts/search.ctp, line 3]
2011-01-11 17:32:54 Notice: Notice (8): Undefined variable: ajax in [/var/www/bookstore/views/carts/search.ctp, line 3]
2011-01-11 17:32:54 Notice: Notice (8): Undefined variable: ajax in [/var/www/bookstore/views/carts/search.ctp, line 3]
2011-01-11 17:32:54 Notice: Notice (8): Undefined variable: ajax in [/var/www/bookstore/views/carts/search.ctp, line 3]
2011-01-11 17:32:54 Notice: Notice (8): Undefined variable: ajax in [/var/www/bookstore/views/carts/search.ctp, line 3]
2011-01-11 17:32:54 Notice: Notice (8): Undefined variable: ajax in [/var/www/bookstore/views/carts/search.ctp, line 3]
2011-01-11 17:32:54 Notice: Notice (8): Undefined variable: ajax in [/var/www/bookstore/views/carts/search.ctp, line 3]
2011-01-11 17:32:55 Notice: Notice (8): Undefined variable: ajax in [/var/www/bookstore/views/carts/search.ctp, line 3]
2011-01-11 17:32:55 Notice: Notice (8): Undefined variable: ajax in [/var/www/bookstore/views/carts/search.ctp, line 3]
2011-01-11 17:32:55 Notice: Notice (8): Undefined variable: ajax in [/var/www/bookstore/views/carts/search.ctp, line 3]
2011-01-11 17:32:55 Notice: Notice (8): Undefined variable: ajax in [/var/www/bookstore/views/carts/search.ctp, line 3]
2011-01-11 17:32:55 Notice: Notice (8): Undefined variable: ajax in [/var/www/bookstore/views/carts/search.ctp, line 3]
2011-01-11 17:32:56 Notice: Notice (8): Undefined variable: ajax in [/var/www/bookstore/views/carts/search.ctp, line 3]
2011-01-11 17:32:56 Notice: Notice (8): Undefined variable: ajax in [/var/www/bookstore/views/carts/search.ctp, line 3]
2011-01-11 17:32:56 Notice: Notice (8): Undefined variable: ajax in [/var/www/bookstore/views/carts/search.ctp, line 3]
2011-01-11 17:32:56 Notice: Notice (8): Undefined variable: ajax in [/var/www/bookstore/views/carts/search.ctp, line 3]
2011-01-11 17:32:56 Notice: Notice (8): Undefined variable: ajax in [/var/www/bookstore/views/carts/search.ctp, line 3]
2011-01-11 17:32:57 Notice: Notice (8): Undefined variable: ajax in [/var/www/bookstore/views/carts/search.ctp, line 3]
2011-01-11 17:32:57 Notice: Notice (8): Undefined variable: ajax in [/var/www/bookstore/views/carts/search.ctp, line 3]
2011-01-11 17:32:57 Notice: Notice (8): Undefined variable: ajax in [/var/www/bookstore/views/carts/search.ctp, line 3]
2011-01-11 17:32:58 Notice: Notice (8): Undefined variable: ajax in [/var/www/bookstore/views/carts/search.ctp, line 3]
2011-01-11 17:32:58 Notice: Notice (8): Undefined variable: ajax in [/var/www/bookstore/views/carts/search.ctp, line 3]
2011-01-11 17:32:59 Notice: Notice (8): Undefined variable: ajax in [/var/www/bookstore/views/carts/search.ctp, line 3]
2011-01-11 17:32:59 Notice: Notice (8): Undefined variable: ajax in [/var/www/bookstore/views/carts/search.ctp, line 3]
2011-01-11 17:32:59 Notice: Notice (8): Undefined variable: ajax in [/var/www/bookstore/views/carts/search.ctp, line 3]
2011-01-11 17:32:59 Notice: Notice (8): Undefined variable: ajax in [/var/www/bookstore/views/carts/search.ctp, line 3]
2011-01-11 17:33:00 Notice: Notice (8): Undefined variable: ajax in [/var/www/bookstore/views/carts/search.ctp, line 3]
2011-01-11 17:33:00 Notice: Notice (8): Undefined variable: ajax in [/var/www/bookstore/views/carts/search.ctp, line 3]
2011-01-11 17:33:00 Notice: Notice (8): Undefined variable: ajax in [/var/www/bookstore/views/carts/search.ctp, line 3]
2011-01-11 17:33:00 Notice: Notice (8): Undefined variable: ajax in [/var/www/bookstore/views/carts/search.ctp, line 3]
2011-01-11 17:33:01 Notice: Notice (8): Undefined variable: ajax in [/var/www/bookstore/views/carts/search.ctp, line 3]
2011-01-11 17:33:01 Notice: Notice (8): Undefined variable: ajax in [/var/www/bookstore/views/carts/search.ctp, line 3]
2011-01-11 17:33:01 Notice: Notice (8): Undefined variable: ajax in [/var/www/bookstore/views/carts/search.ctp, line 3]
2011-01-11 17:33:02 Notice: Notice (8): Undefined variable: ajax in [/var/www/bookstore/views/carts/search.ctp, line 3]
2011-01-11 17:33:02 Notice: Notice (8): Undefined variable: ajax in [/var/www/bookstore/views/carts/search.ctp, line 3]
2011-01-11 17:33:02 Notice: Notice (8): Undefined variable: ajax in [/var/www/bookstore/views/carts/search.ctp, line 3]
2011-01-11 17:33:03 Notice: Notice (8): Undefined variable: ajax in [/var/www/bookstore/views/carts/search.ctp, line 3]
2011-01-11 17:33:04 Notice: Notice (8): Undefined variable: ajax in [/var/www/bookstore/views/carts/search.ctp, line 3]
2011-01-11 17:33:04 Notice: Notice (8): Undefined variable: ajax in [/var/www/bookstore/views/carts/search.ctp, line 3]
2011-01-11 17:33:04 Notice: Notice (8): Undefined variable: ajax in [/var/www/bookstore/views/carts/search.ctp, line 3]
2011-01-11 17:33:05 Notice: Notice (8): Undefined variable: ajax in [/var/www/bookstore/views/carts/search.ctp, line 3]
2011-01-11 17:33:05 Notice: Notice (8): Undefined variable: ajax in [/var/www/bookstore/views/carts/search.ctp, line 3]
2011-01-11 17:33:05 Notice: Notice (8): Undefined variable: ajax in [/var/www/bookstore/views/carts/search.ctp, line 3]
2011-01-11 17:33:06 Notice: Notice (8): Undefined variable: ajax in [/var/www/bookstore/views/carts/search.ctp, line 3]
2011-01-11 17:33:06 Notice: Notice (8): Undefined variable: ajax in [/var/www/bookstore/views/carts/search.ctp, line 3]
2011-01-11 17:33:06 Notice: Notice (8): Undefined variable: ajax in [/var/www/bookstore/views/carts/search.ctp, line 3]
2011-01-11 17:33:06 Notice: Notice (8): Undefined variable: ajax in [/var/www/bookstore/views/carts/search.ctp, line 3]
2011-01-11 17:33:07 Notice: Notice (8): Undefined variable: ajax in [/var/www/bookstore/views/carts/search.ctp, line 3]
2011-01-11 17:33:07 Notice: Notice (8): Undefined variable: ajax in [/var/www/bookstore/views/carts/search.ctp, line 3]
2011-01-11 17:33:08 Notice: Notice (8): Undefined variable: ajax in [/var/www/bookstore/views/carts/search.ctp, line 3]
2011-01-11 17:33:08 Notice: Notice (8): Undefined variable: ajax in [/var/www/bookstore/views/carts/search.ctp, line 3]
2011-01-11 17:33:08 Notice: Notice (8): Undefined variable: ajax in [/var/www/bookstore/views/carts/search.ctp, line 3]
2011-01-11 17:33:09 Notice: Notice (8): Undefined variable: ajax in [/var/www/bookstore/views/carts/search.ctp, line 3]
2011-01-11 17:33:09 Notice: Notice (8): Undefined variable: ajax in [/var/www/bookstore/views/carts/search.ctp, line 3]
2011-01-11 17:33:09 Notice: Notice (8): Undefined variable: ajax in [/var/www/bookstore/views/carts/search.ctp, line 3]
2011-01-11 17:33:10 Notice: Notice (8): Undefined variable: ajax in [/var/www/bookstore/views/carts/search.ctp, line 3]
2011-01-11 17:33:10 Notice: Notice (8): Undefined variable: ajax in [/var/www/bookstore/views/carts/search.ctp, line 3]
2011-01-11 17:33:30 Notice: Notice (8): Undefined variable: ajax in [/var/www/bookstore/views/carts/search.ctp, line 3]
2011-01-11 17:33:30 Notice: Notice (8): Undefined variable: ajax in [/var/www/bookstore/views/carts/search.ctp, line 3]
2011-01-11 17:33:30 Notice: Notice (8): Undefined variable: ajax in [/var/www/bookstore/views/carts/search.ctp, line 3]
2011-01-11 17:33:30 Notice: Notice (8): Undefined variable: ajax in [/var/www/bookstore/views/carts/search.ctp, line 3]
2011-01-11 17:33:31 Notice: Notice (8): Undefined variable: ajax in [/var/www/bookstore/views/carts/search.ctp, line 3]
2011-01-11 17:33:31 Notice: Notice (8): Undefined variable: ajax in [/var/www/bookstore/views/carts/search.ctp, line 3]
2011-01-11 17:33:31 Notice: Notice (8): Undefined variable: ajax in [/var/www/bookstore/views/carts/search.ctp, line 3]
2011-01-11 17:33:31 Notice: Notice (8): Undefined variable: ajax in [/var/www/bookstore/views/carts/search.ctp, line 3]
2011-01-11 17:33:31 Notice: Notice (8): Undefined variable: ajax in [/var/www/bookstore/views/carts/search.ctp, line 3]
2011-01-11 17:33:32 Notice: Notice (8): Undefined variable: ajax in [/var/www/bookstore/views/carts/search.ctp, line 3]
2011-01-11 17:33:32 Notice: Notice (8): Undefined variable: ajax in [/var/www/bookstore/views/carts/search.ctp, line 3]
2011-01-11 17:33:32 Notice: Notice (8): Undefined variable: ajax in [/var/www/bookstore/views/carts/search.ctp, line 3]
2011-01-11 17:33:32 Notice: Notice (8): Undefined variable: ajax in [/var/www/bookstore/views/carts/search.ctp, line 3]
2011-01-11 17:33:33 Notice: Notice (8): Undefined variable: ajax in [/var/www/bookstore/views/carts/search.ctp, line 3]
2011-01-11 17:33:33 Notice: Notice (8): Undefined variable: ajax in [/var/www/bookstore/views/carts/search.ctp, line 3]
2011-01-11 17:33:34 Notice: Notice (8): Undefined variable: ajax in [/var/www/bookstore/views/carts/search.ctp, line 3]
2011-01-11 17:33:34 Notice: Notice (8): Undefined variable: ajax in [/var/www/bookstore/views/carts/search.ctp, line 3]
2011-01-11 17:33:35 Notice: Notice (8): Undefined variable: ajax in [/var/www/bookstore/views/carts/search.ctp, line 3]
2011-01-11 17:33:35 Notice: Notice (8): Undefined variable: ajax in [/var/www/bookstore/views/carts/search.ctp, line 3]
2011-01-11 17:33:36 Notice: Notice (8): Undefined variable: ajax in [/var/www/bookstore/views/carts/search.ctp, line 3]
2011-01-11 17:33:36 Notice: Notice (8): Undefined variable: ajax in [/var/www/bookstore/views/carts/search.ctp, line 3]
2011-01-11 17:33:37 Notice: Notice (8): Undefined variable: ajax in [/var/www/bookstore/views/carts/search.ctp, line 3]
2011-01-11 17:33:37 Notice: Notice (8): Undefined variable: ajax in [/var/www/bookstore/views/carts/search.ctp, line 3]
2011-01-11 17:33:37 Notice: Notice (8): Undefined variable: ajax in [/var/www/bookstore/views/carts/search.ctp, line 3]
2011-01-11 17:33:37 Notice: Notice (8): Undefined variable: ajax in [/var/www/bookstore/views/carts/search.ctp, line 3]
2011-01-11 17:33:37 Notice: Notice (8): Undefined variable: ajax in [/var/www/bookstore/views/carts/search.ctp, line 3]
2011-01-11 17:33:38 Notice: Notice (8): Undefined variable: ajax in [/var/www/bookstore/views/carts/search.ctp, line 3]
2011-01-11 17:33:38 Notice: Notice (8): Undefined variable: ajax in [/var/www/bookstore/views/carts/search.ctp, line 3]
2011-01-11 17:33:38 Notice: Notice (8): Undefined variable: ajax in [/var/www/bookstore/views/carts/search.ctp, line 3]
2011-01-11 17:33:38 Notice: Notice (8): Undefined variable: ajax in [/var/www/bookstore/views/carts/search.ctp, line 3]
2011-01-11 17:33:38 Notice: Notice (8): Undefined variable: ajax in [/var/www/bookstore/views/carts/search.ctp, line 3]
2011-01-11 17:33:39 Notice: Notice (8): Undefined variable: ajax in [/var/www/bookstore/views/carts/search.ctp, line 3]
2011-01-11 17:33:39 Notice: Notice (8): Undefined variable: ajax in [/var/www/bookstore/views/carts/search.ctp, line 3]
2011-01-11 17:33:39 Notice: Notice (8): Undefined variable: ajax in [/var/www/bookstore/views/carts/search.ctp, line 3]
2011-01-11 17:33:39 Notice: Notice (8): Undefined variable: ajax in [/var/www/bookstore/views/carts/search.ctp, line 3]
2011-01-11 17:33:40 Notice: Notice (8): Undefined variable: ajax in [/var/www/bookstore/views/carts/search.ctp, line 3]
2011-01-11 17:33:40 Notice: Notice (8): Undefined variable: ajax in [/var/www/bookstore/views/carts/search.ctp, line 3]
2011-01-11 17:33:40 Notice: Notice (8): Undefined variable: ajax in [/var/www/bookstore/views/carts/search.ctp, line 3]
2011-01-11 17:33:40 Notice: Notice (8): Undefined variable: ajax in [/var/www/bookstore/views/carts/search.ctp, line 3]
2011-01-11 17:33:41 Notice: Notice (8): Undefined variable: ajax in [/var/www/bookstore/views/carts/search.ctp, line 3]
2011-01-11 17:33:41 Notice: Notice (8): Undefined variable: ajax in [/var/www/bookstore/views/carts/search.ctp, line 3]
2011-01-11 17:33:41 Notice: Notice (8): Undefined variable: ajax in [/var/www/bookstore/views/carts/search.ctp, line 3]
2011-01-11 17:33:41 Notice: Notice (8): Undefined variable: ajax in [/var/www/bookstore/views/carts/search.ctp, line 3]
2011-01-11 17:33:41 Notice: Notice (8): Undefined variable: ajax in [/var/www/bookstore/views/carts/search.ctp, line 3]
2011-01-11 17:33:42 Notice: Notice (8): Undefined variable: ajax in [/var/www/bookstore/views/carts/search.ctp, line 3]
2011-01-11 17:33:42 Notice: Notice (8): Undefined variable: ajax in [/var/www/bookstore/views/carts/search.ctp, line 3]
2011-01-11 17:33:42 Notice: Notice (8): Undefined variable: ajax in [/var/www/bookstore/views/carts/search.ctp, line 3]
2011-01-11 17:33:42 Notice: Notice (8): Undefined variable: ajax in [/var/www/bookstore/views/carts/search.ctp, line 3]
2011-01-11 17:33:42 Notice: Notice (8): Undefined variable: ajax in [/var/www/bookstore/views/carts/search.ctp, line 3]
2011-01-11 17:33:43 Notice: Notice (8): Undefined variable: ajax in [/var/www/bookstore/views/carts/search.ctp, line 3]
2011-01-11 17:33:43 Notice: Notice (8): Undefined variable: ajax in [/var/www/bookstore/views/carts/search.ctp, line 3]
2011-01-11 17:33:43 Notice: Notice (8): Undefined variable: ajax in [/var/www/bookstore/views/carts/search.ctp, line 3]
2011-01-11 17:33:43 Notice: Notice (8): Undefined variable: ajax in [/var/www/bookstore/views/carts/search.ctp, line 3]
2011-01-11 17:33:44 Notice: Notice (8): Undefined variable: ajax in [/var/www/bookstore/views/carts/search.ctp, line 3]
2011-01-11 17:33:44 Notice: Notice (8): Undefined variable: ajax in [/var/www/bookstore/views/carts/search.ctp, line 3]
2011-01-11 17:33:44 Notice: Notice (8): Undefined variable: ajax in [/var/www/bookstore/views/carts/search.ctp, line 3]
2011-01-11 17:33:45 Notice: Notice (8): Undefined variable: ajax in [/var/www/bookstore/views/carts/search.ctp, line 3]
2011-01-11 17:33:47 Notice: Notice (8): Undefined variable: ajax in [/var/www/bookstore/views/carts/search.ctp, line 3]
2011-01-11 17:33:47 Notice: Notice (8): Undefined variable: ajax in [/var/www/bookstore/views/carts/search.ctp, line 3]
2011-01-11 17:33:48 Notice: Notice (8): Undefined variable: ajax in [/var/www/bookstore/views/carts/search.ctp, line 3]
2011-01-11 17:33:48 Notice: Notice (8): Undefined variable: ajax in [/var/www/bookstore/views/carts/search.ctp, line 3]
2011-01-11 17:33:48 Notice: Notice (8): Undefined variable: ajax in [/var/www/bookstore/views/carts/search.ctp, line 3]
2011-01-11 17:33:49 Notice: Notice (8): Undefined variable: ajax in [/var/www/bookstore/views/carts/search.ctp, line 3]
2011-01-11 17:33:49 Notice: Notice (8): Undefined variable: ajax in [/var/www/bookstore/views/carts/search.ctp, line 3]
2011-01-11 17:33:49 Notice: Notice (8): Undefined variable: ajax in [/var/www/bookstore/views/carts/search.ctp, line 3]
2011-01-11 17:33:49 Notice: Notice (8): Undefined variable: ajax in [/var/www/bookstore/views/carts/search.ctp, line 3]
2011-01-11 17:33:50 Notice: Notice (8): Undefined variable: ajax in [/var/www/bookstore/views/carts/search.ctp, line 3]
2011-01-11 17:33:50 Notice: Notice (8): Undefined variable: ajax in [/var/www/bookstore/views/carts/search.ctp, line 3]
2011-01-11 18:08:52 Notice: Notice (8): Undefined index: carts in [/var/www/bookstore/app_controller.php, line 49]
2011-01-11 18:09:22 Notice: Notice (8): Undefined variable: ajax in [/var/www/bookstore/views/carts/search.ctp, line 3]
2011-01-11 18:09:22 Notice: Notice (8): Undefined variable: ajax in [/var/www/bookstore/views/carts/search.ctp, line 3]
2011-01-11 18:09:22 Notice: Notice (8): Undefined variable: ajax in [/var/www/bookstore/views/carts/search.ctp, line 3]
2011-01-11 18:09:23 Notice: Notice (8): Undefined variable: ajax in [/var/www/bookstore/views/carts/search.ctp, line 3]
2011-01-11 18:09:23 Notice: Notice (8): Undefined variable: ajax in [/var/www/bookstore/views/carts/search.ctp, line 3]
2011-01-11 18:09:24 Notice: Notice (8): Undefined variable: ajax in [/var/www/bookstore/views/carts/search.ctp, line 3]
2011-01-11 18:09:24 Notice: Notice (8): Undefined variable: ajax in [/var/www/bookstore/views/carts/search.ctp, line 3]
2011-01-11 18:09:24 Notice: Notice (8): Undefined variable: ajax in [/var/www/bookstore/views/carts/search.ctp, line 3]
2011-01-11 18:09:25 Notice: Notice (8): Undefined variable: ajax in [/var/www/bookstore/views/carts/search.ctp, line 3]
2011-01-11 18:09:25 Notice: Notice (8): Undefined variable: ajax in [/var/www/bookstore/views/carts/search.ctp, line 3]
2011-01-11 18:09:27 Notice: Notice (8): Undefined variable: ajax in [/var/www/bookstore/views/carts/search.ctp, line 3]
2011-01-11 18:09:27 Notice: Notice (8): Undefined variable: ajax in [/var/www/bookstore/views/carts/search.ctp, line 3]
2011-01-11 18:09:27 Notice: Notice (8): Undefined variable: ajax in [/var/www/bookstore/views/carts/search.ctp, line 3]
2011-01-11 18:09:28 Notice: Notice (8): Undefined variable: ajax in [/var/www/bookstore/views/carts/search.ctp, line 3]
2011-01-11 18:09:28 Notice: Notice (8): Undefined variable: ajax in [/var/www/bookstore/views/carts/search.ctp, line 3]
2011-01-11 18:09:28 Notice: Notice (8): Undefined variable: ajax in [/var/www/bookstore/views/carts/search.ctp, line 3]
2011-01-11 18:09:28 Notice: Notice (8): Undefined variable: ajax in [/var/www/bookstore/views/carts/search.ctp, line 3]
2011-01-11 18:10:16 Notice: Notice (8): Undefined variable: ajax in [/var/www/bookstore/views/carts/search.ctp, line 3]
2011-01-11 18:10:16 Notice: Notice (8): Undefined variable: ajax in [/var/www/bookstore/views/carts/search.ctp, line 3]
2011-01-11 18:10:16 Notice: Notice (8): Undefined variable: ajax in [/var/www/bookstore/views/carts/search.ctp, line 3]
2011-01-11 18:10:17 Notice: Notice (8): Undefined variable: ajax in [/var/www/bookstore/views/carts/search.ctp, line 3]
2011-01-11 18:10:17 Notice: Notice (8): Undefined variable: ajax in [/var/www/bookstore/views/carts/search.ctp, line 3]
2011-01-11 18:10:17 Notice: Notice (8): Undefined variable: ajax in [/var/www/bookstore/views/carts/search.ctp, line 3]
2011-01-11 18:10:17 Notice: Notice (8): Undefined variable: ajax in [/var/www/bookstore/views/carts/search.ctp, line 3]
2011-01-11 18:10:17 Notice: Notice (8): Undefined variable: ajax in [/var/www/bookstore/views/carts/search.ctp, line 3]
2011-01-11 18:10:18 Notice: Notice (8): Undefined variable: ajax in [/var/www/bookstore/views/carts/search.ctp, line 3]
2011-01-11 18:10:18 Notice: Notice (8): Undefined variable: ajax in [/var/www/bookstore/views/carts/search.ctp, line 3]
2011-01-11 18:10:19 Notice: Notice (8): Undefined variable: ajax in [/var/www/bookstore/views/carts/search.ctp, line 3]
2011-01-11 18:10:19 Notice: Notice (8): Undefined variable: ajax in [/var/www/bookstore/views/carts/search.ctp, line 3]
2011-01-11 18:10:19 Notice: Notice (8): Undefined variable: ajax in [/var/www/bookstore/views/carts/search.ctp, line 3]
2011-01-11 18:10:19 Notice: Notice (8): Undefined variable: ajax in [/var/www/bookstore/views/carts/search.ctp, line 3]
2011-01-11 18:10:19 Notice: Notice (8): Undefined variable: ajax in [/var/www/bookstore/views/carts/search.ctp, line 3]
2011-01-11 18:10:20 Notice: Notice (8): Undefined variable: ajax in [/var/www/bookstore/views/carts/search.ctp, line 3]
2011-01-11 18:10:20 Notice: Notice (8): Undefined variable: ajax in [/var/www/bookstore/views/carts/search.ctp, line 3]
2011-01-11 18:10:20 Notice: Notice (8): Undefined variable: ajax in [/var/www/bookstore/views/carts/search.ctp, line 3]
2011-01-11 18:10:21 Notice: Notice (8): Undefined variable: ajax in [/var/www/bookstore/views/carts/search.ctp, line 3]
2011-01-11 18:10:21 Notice: Notice (8): Undefined variable: ajax in [/var/www/bookstore/views/carts/search.ctp, line 3]
2011-01-11 18:10:21 Notice: Notice (8): Undefined variable: ajax in [/var/www/bookstore/views/carts/search.ctp, line 3]
2011-01-11 18:10:21 Notice: Notice (8): Undefined variable: ajax in [/var/www/bookstore/views/carts/search.ctp, line 3]
2011-01-11 18:10:21 Notice: Notice (8): Undefined variable: ajax in [/var/www/bookstore/views/carts/search.ctp, line 3]
2011-01-11 18:10:22 Notice: Notice (8): Undefined variable: ajax in [/var/www/bookstore/views/carts/search.ctp, line 3]
2011-01-11 18:10:22 Notice: Notice (8): Undefined variable: ajax in [/var/www/bookstore/views/carts/search.ctp, line 3]
2011-01-11 18:10:22 Notice: Notice (8): Undefined variable: ajax in [/var/www/bookstore/views/carts/search.ctp, line 3]
2011-01-11 18:10:23 Notice: Notice (8): Undefined variable: ajax in [/var/www/bookstore/views/carts/search.ctp, line 3]
2011-01-11 18:10:23 Notice: Notice (8): Undefined variable: ajax in [/var/www/bookstore/views/carts/search.ctp, line 3]
2011-01-11 18:10:24 Notice: Notice (8): Undefined variable: ajax in [/var/www/bookstore/views/carts/search.ctp, line 3]
2011-01-11 18:10:24 Notice: Notice (8): Undefined variable: ajax in [/var/www/bookstore/views/carts/search.ctp, line 3]
2011-01-11 18:10:24 Notice: Notice (8): Undefined variable: ajax in [/var/www/bookstore/views/carts/search.ctp, line 3]
2011-01-11 18:10:24 Notice: Notice (8): Undefined variable: ajax in [/var/www/bookstore/views/carts/search.ctp, line 3]
2011-01-11 18:10:25 Notice: Notice (8): Undefined variable: ajax in [/var/www/bookstore/views/carts/search.ctp, line 3]
2011-01-11 18:10:25 Notice: Notice (8): Undefined variable: ajax in [/var/www/bookstore/views/carts/search.ctp, line 3]
2011-01-11 18:10:25 Notice: Notice (8): Undefined variable: ajax in [/var/www/bookstore/views/carts/search.ctp, line 3]
2011-01-11 18:10:25 Notice: Notice (8): Undefined variable: ajax in [/var/www/bookstore/views/carts/search.ctp, line 3]
2011-01-11 18:10:26 Notice: Notice (8): Undefined variable: ajax in [/var/www/bookstore/views/carts/search.ctp, line 3]
2011-01-11 18:10:26 Notice: Notice (8): Undefined variable: ajax in [/var/www/bookstore/views/carts/search.ctp, line 3]
2011-01-11 18:16:39 Notice: Notice (8): Undefined variable: ajax in [/var/www/bookstore/controllers/carts_controller.php, line 102]
2011-01-11 18:16:40 Notice: Notice (8): Undefined index: data in [/var/www/bookstore/controllers/carts_controller.php, line 106]
2011-01-11 18:16:54 Notice: Notice (8): Undefined variable: ajax in [/var/www/bookstore/controllers/carts_controller.php, line 102]
2011-01-11 18:16:54 Notice: Notice (8): Undefined index: data in [/var/www/bookstore/controllers/carts_controller.php, line 106]
2011-01-11 18:18:36 Notice: Notice (8): Undefined index: data in [/var/www/bookstore/controllers/carts_controller.php, line 105]
2011-01-11 18:20:03 Notice: Notice (8): Undefined index: data in [/var/www/bookstore/controllers/carts_controller.php, line 105]
2011-01-11 18:20:09 Notice: Notice (8): Undefined index: data in [/var/www/bookstore/controllers/carts_controller.php, line 105]
2011-01-11 18:20:36 Notice: Notice (8): Undefined index: data in [/var/www/bookstore/controllers/carts_controller.php, line 105]
2011-01-11 18:20:58 Notice: Notice (8): Undefined index: data in [/var/www/bookstore/controllers/carts_controller.php, line 105]
2011-01-11 18:21:00 Notice: Notice (8): Undefined index: data in [/var/www/bookstore/controllers/carts_controller.php, line 105]
2011-01-11 18:21:12 Notice: Notice (8): Undefined index: data in [/var/www/bookstore/controllers/carts_controller.php, line 105]
2011-01-11 18:22:10 Notice: Notice (8): Undefined index: data in [/var/www/bookstore/controllers/carts_controller.php, line 105]
2011-01-11 18:22:24 Notice: Notice (8): Undefined index: data in [/var/www/bookstore/controllers/carts_controller.php, line 105]
2011-01-11 18:22:34 Notice: Notice (8): Undefined index: data in [/var/www/bookstore/controllers/carts_controller.php, line 105]
2011-01-11 18:23:21 Notice: Notice (8): Undefined index: data in [/var/www/bookstore/controllers/carts_controller.php, line 105]
2011-01-11 18:25:07 Notice: Notice (8): Undefined index: data in [/var/www/bookstore/controllers/carts_controller.php, line 105]
2011-01-11 18:25:32 Notice: Notice (8): Undefined index: data in [/var/www/bookstore/controllers/carts_controller.php, line 105]
2011-01-11 18:27:10 Notice: Notice (8): Undefined index: data in [/var/www/bookstore/controllers/carts_controller.php, line 105]
2011-01-11 18:27:20 Notice: Notice (8): Undefined index: data in [/var/www/bookstore/controllers/carts_controller.php, line 105]
2011-01-11 18:29:07 Notice: Notice (8): Undefined index: data in [/var/www/bookstore/controllers/carts_controller.php, line 105]
2011-01-11 18:30:12 Notice: Notice (8): Undefined index: data in [/var/www/bookstore/controllers/carts_controller.php, line 105]
2011-01-11 18:30:54 Notice: Notice (8): Undefined index: data in [/var/www/bookstore/controllers/carts_controller.php, line 105]
2011-01-11 18:31:30 Notice: Notice (8): Undefined index: data in [/var/www/bookstore/controllers/carts_controller.php, line 105]
2011-01-11 18:34:45 Notice: Notice (8): Undefined index: data in [/var/www/bookstore/controllers/carts_controller.php, line 105]
2011-01-11 18:37:49 Notice: Notice (8): Undefined index: User in [/var/www/bookstore/views/sales/index.ctp, line 28]
2011-01-11 18:37:49 Notice: Notice (8): Undefined index: date in [/var/www/bookstore/views/sales/index.ctp, line 31]
2011-01-11 18:37:49 Notice: Notice (8): Undefined index: Customer in [/var/www/bookstore/views/sales/index.ctp, line 33]
2011-01-11 18:37:50 Notice: Notice (8): Undefined index: User in [/var/www/bookstore/views/sales/index.ctp, line 28]
2011-01-11 18:37:50 Notice: Notice (8): Undefined index: date in [/var/www/bookstore/views/sales/index.ctp, line 31]
2011-01-11 18:37:50 Notice: Notice (8): Undefined index: Customer in [/var/www/bookstore/views/sales/index.ctp, line 33]
2011-01-11 19:36:10 Notice: Notice (8): Undefined index: data in [/var/www/bookstore/controllers/carts_controller.php, line 105]
2011-01-11 20:12:34 Notice: Notice (8): Undefined index: data in [/var/www/bookstore/controllers/carts_controller.php, line 105]
2011-01-11 20:18:35 Notice: Notice (8): Undefined index: data in [/var/www/bookstore/controllers/carts_controller.php, line 105]
2011-01-11 20:18:49 Notice: Notice (8): Undefined index: data in [/var/www/bookstore/controllers/carts_controller.php, line 105]
2011-01-12 09:07:09 Notice: Notice (8): Undefined index: sales in [/var/www/bookstore/app_controller.php, line 49]
2011-01-12 09:35:34 Notice: Notice (8): Undefined property: User::$0 in [/usr/share/php/cake/libs/model/model.php, line 573]
2011-01-12 10:40:28 Notice: Notice (8): Undefined index: carts in [/var/www/bookstore/app_controller.php, line 49]
2011-01-12 10:41:18 Notice: Notice (8): Undefined index: data in [/var/www/bookstore/controllers/carts_controller.php, line 105]
2011-01-12 10:41:18 Notice: Notice (8): Uninitialized string offset: 0 in [/var/www/bookstore/controllers/carts_controller.php, line 120]
2011-01-12 10:41:18 Notice: Notice (8): Uninitialized string offset: 0 in [/var/www/bookstore/controllers/carts_controller.php, line 121]
2011-01-12 10:41:18 Notice: Notice (8): Uninitialized string offset: 0 in [/var/www/bookstore/controllers/carts_controller.php, line 122]
2011-01-12 10:41:18 Notice: Notice (8): Uninitialized string offset: 0 in [/var/www/bookstore/controllers/carts_controller.php, line 123]
2011-01-12 10:41:18 Notice: Notice (8): Uninitialized string offset: 0 in [/var/www/bookstore/controllers/carts_controller.php, line 124]
2011-01-12 10:56:16 Notice: Notice (8): Undefined index: Date in [/var/www/bookstore/views/carts/finder.ctp, line 17]
2011-01-12 10:56:16 Notice: Notice (8): Undefined variable: item in [/var/www/bookstore/views/carts/finder.ctp, line 24]
2011-01-12 10:56:28 Notice: Notice (8): Undefined variable: item in [/var/www/bookstore/views/carts/finder.ctp, line 24]
2011-01-12 11:22:03 Notice: Notice (8): Undefined index: User in [/var/www/bookstore/views/sales/index.ctp, line 28]
2011-01-12 11:22:03 Notice: Notice (8): Undefined index: date in [/var/www/bookstore/views/sales/index.ctp, line 31]
2011-01-12 11:22:03 Notice: Notice (8): Undefined index: Customer in [/var/www/bookstore/views/sales/index.ctp, line 33]
2011-01-12 14:39:33 Notice: Notice (8): Undefined index: carts in [/var/www/bookstore/app_controller.php, line 49]
2011-01-12 15:30:35 Notice: Notice (8): Undefined index: pages in [/var/www/bookstore/app_controller.php, line 49]
2011-01-12 16:39:47 Notice: Notice (8): Undefined variable: radioOptions in [/usr/share/php/cake/libs/view/helpers/form.php, line 863]
2011-01-12 16:51:18 Notice: Notice (8): Undefined index: User in [/var/www/bookstore/views/sales/index.ctp, line 28]
2011-01-12 16:51:18 Notice: Notice (8): Undefined index: date in [/var/www/bookstore/views/sales/index.ctp, line 31]
2011-01-12 16:51:18 Notice: Notice (8): Undefined index: Customer in [/var/www/bookstore/views/sales/index.ctp, line 33]
2011-01-12 17:40:48 Notice: Notice (8): Undefined index: email in [/var/www/bookstore/views/customers/index.ctp, line 24]
2011-01-12 17:40:48 Notice: Notice (8): Undefined index: phone in [/var/www/bookstore/views/customers/index.ctp, line 25]
2011-01-12 17:40:55 Notice: Notice (8): Undefined index: email in [/var/www/bookstore/views/customers/index.ctp, line 24]
2011-01-12 17:40:55 Notice: Notice (8): Undefined index: phone in [/var/www/bookstore/views/customers/index.ctp, line 25]
2011-01-12 17:41:05 Notice: Notice (8): Undefined index: email in [/var/www/bookstore/views/customers/index.ctp, line 24]
2011-01-12 17:41:05 Notice: Notice (8): Undefined index: phone in [/var/www/bookstore/views/customers/index.ctp, line 25]
2011-01-12 17:41:49 Notice: Notice (8): Undefined index: email in [/var/www/bookstore/views/customers/index.ctp, line 25]
2011-01-12 17:41:49 Notice: Notice (8): Undefined index: phone in [/var/www/bookstore/views/customers/index.ctp, line 26]
2011-01-12 17:45:00 Notice: Notice (8): Undefined index: email in [/var/www/bookstore/views/customers/index.ctp, line 25]
2011-01-12 17:45:00 Notice: Notice (8): Undefined index: phone in [/var/www/bookstore/views/customers/index.ctp, line 26]
2011-01-12 17:45:11 Notice: Notice (8): Undefined index: email in [/var/www/bookstore/views/customers/index.ctp, line 25]
2011-01-12 17:45:11 Notice: Notice (8): Undefined index: phone in [/var/www/bookstore/views/customers/index.ctp, line 26]
2011-01-12 17:53:18 Notice: Notice (8): Undefined index: user_id in [/var/www/bookstore/views/books/view.ctp, line 141]
2011-01-12 17:53:18 Notice: Notice (8): Undefined index: date in [/var/www/bookstore/views/books/view.ctp, line 143]
2011-01-12 17:53:18 Notice: Notice (8): Undefined index: customer_id in [/var/www/bookstore/views/books/view.ctp, line 144]
2011-01-12 17:53:43 Notice: Notice (8): Undefined index: user_id in [/var/www/bookstore/views/books/view.ctp, line 136]
2011-01-12 17:53:43 Notice: Notice (8): Undefined index: date in [/var/www/bookstore/views/books/view.ctp, line 138]
2011-01-12 17:53:43 Notice: Notice (8): Undefined index: customer_id in [/var/www/bookstore/views/books/view.ctp, line 139]
2011-01-12 17:58:51 Notice: Notice (8): Undefined property: Book::$Cart in [/var/www/bookstore/controllers/books_controller.php, line 27]
2011-01-12 18:02:10 Notice: Notice (8): Undefined variable: bookSells in [/var/www/bookstore/controllers/books_controller.php, line 31]
2011-01-12 18:02:41 Notice: Notice (8): Undefined variable: bookSells in [/var/www/bookstore/controllers/books_controller.php, line 31]
2011-01-12 18:03:20 Notice: Notice (8): Undefined variable: bookSells in [/var/www/bookstore/controllers/books_controller.php, line 31]
2011-01-12 18:04:21 Notice: Notice (8): Undefined variable: bookSells in [/var/www/bookstore/controllers/books_controller.php, line 31]
2011-01-12 18:05:04 Notice: Notice (8): Undefined variable: bookSells in [/var/www/bookstore/controllers/books_controller.php, line 31]
2011-01-12 18:05:42 Notice: Notice (8): Undefined variable: bookSells in [/var/www/bookstore/controllers/books_controller.php, line 31]
2011-01-12 18:05:58 Notice: Notice (8): Undefined variable: bookSells in [/var/www/bookstore/controllers/books_controller.php, line 31]
2011-01-12 18:06:41 Notice: Notice (8): Undefined variable: bookSells in [/var/www/bookstore/controllers/books_controller.php, line 31]
2011-01-12 20:08:07 Notice: Notice (8): Undefined index: carts in [/var/www/bookstore/app_controller.php, line 49]
2011-01-12 20:15:51 Notice: Notice (8): Undefined index: User in [/var/www/bookstore/views/sales/index.ctp, line 28]
2011-01-12 20:15:51 Notice: Notice (8): Undefined index: date in [/var/www/bookstore/views/sales/index.ctp, line 31]
2011-01-12 20:15:51 Notice: Notice (8): Undefined index: Customer in [/var/www/bookstore/views/sales/index.ctp, line 33]
2011-01-12 20:16:06 Notice: Notice (8): Undefined index: User in [/var/www/bookstore/views/sales/index.ctp, line 28]
2011-01-12 20:16:06 Notice: Notice (8): Undefined index: date in [/var/www/bookstore/views/sales/index.ctp, line 31]
2011-01-12 20:16:06 Notice: Notice (8): Undefined index: Customer in [/var/www/bookstore/views/sales/index.ctp, line 33]
2011-01-12 20:16:17 Notice: Notice (8): Undefined index: User in [/var/www/bookstore/views/sales/index.ctp, line 28]
2011-01-12 20:16:17 Notice: Notice (8): Undefined index: date in [/var/www/bookstore/views/sales/index.ctp, line 31]
2011-01-12 20:16:17 Notice: Notice (8): Undefined index: Customer in [/var/www/bookstore/views/sales/index.ctp, line 33]
2011-01-12 20:51:13 Notice: Notice (8): Undefined index: User in [/var/www/bookstore/views/sales/index.ctp, line 28]
2011-01-12 20:51:13 Notice: Notice (8): Undefined index: date in [/var/www/bookstore/views/sales/index.ctp, line 31]
2011-01-12 20:51:13 Notice: Notice (8): Undefined index: Customer in [/var/www/bookstore/views/sales/index.ctp, line 33]
2011-01-12 21:52:02 Notice: Notice (8): Undefined index: User in [/var/www/bookstore/views/sales/index.ctp, line 28]
2011-01-12 21:52:02 Notice: Notice (8): Undefined index: date in [/var/www/bookstore/views/sales/index.ctp, line 31]
2011-01-12 21:52:02 Notice: Notice (8): Undefined index: Customer in [/var/www/bookstore/views/sales/index.ctp, line 33]
2011-01-12 21:52:27 Notice: Notice (8): Undefined index: User in [/var/www/bookstore/views/sales/index.ctp, line 28]
2011-01-12 21:52:27 Notice: Notice (8): Undefined index: date in [/var/www/bookstore/views/sales/index.ctp, line 31]
2011-01-12 21:52:27 Notice: Notice (8): Undefined index: Customer in [/var/www/bookstore/views/sales/index.ctp, line 33]
2011-01-12 22:11:00 Notice: Notice (8): Undefined index: User in [/var/www/bookstore/views/sales/index.ctp, line 28]
2011-01-12 22:11:00 Notice: Notice (8): Undefined index: date in [/var/www/bookstore/views/sales/index.ctp, line 31]
2011-01-12 22:11:00 Notice: Notice (8): Undefined index: Customer in [/var/www/bookstore/views/sales/index.ctp, line 33]
2011-01-12 22:12:32 Notice: Notice (8): Undefined variable: criticalStockLimit in [/var/www/bookstore/controllers/books_controller.php, line 108]
2011-01-12 22:15:44 Notice: Notice (8): Undefined index: User in [/var/www/bookstore/views/sales/index.ctp, line 28]
2011-01-12 22:15:44 Notice: Notice (8): Undefined index: date in [/var/www/bookstore/views/sales/index.ctp, line 31]
2011-01-12 22:15:44 Notice: Notice (8): Undefined index: Customer in [/var/www/bookstore/views/sales/index.ctp, line 33]
2011-01-12 22:23:02 Notice: Notice (8): Undefined index: stock in [/var/www/bookstore/views/books/report.ctp, line 20]
2011-01-12 22:34:08 Notice: Notice (8): Undefined index: counted in [/var/www/bookstore/views/books/report.ctp, line 57]
2011-01-12 22:40:40 Notice: Notice (8): Undefined index: stock in [/var/www/bookstore/views/books/report.ctp, line 76]
2011-01-12 22:41:06 Notice: Notice (8): Undefined index: stock in [/var/www/bookstore/views/books/report.ctp, line 76]
2011-01-12 22:41:26 Notice: Notice (8): Undefined index: stock in [/var/www/bookstore/views/books/report.ctp, line 76]
2011-01-12 22:50:06 Notice: Notice (8): Undefined index: stock in [/var/www/bookstore/views/books/report.ctp, line 76]
2011-01-12 22:57:54 Notice: Notice (8): Undefined index: stock in [/var/www/bookstore/views/books/report.ctp, line 99]
2011-01-12 22:58:42 Notice: Notice (8): Undefined index: stock in [/var/www/bookstore/views/books/report.ctp, line 99]
2011-01-12 22:59:01 Notice: Notice (8): Undefined index: stock in [/var/www/bookstore/views/books/report.ctp, line 99]
2011-01-12 22:59:33 Notice: Notice (8): Undefined variable: Customer in [/var/www/bookstore/views/books/report.ctp, line 99]
2011-01-12 23:16:46 Notice: Notice (8): Undefined variable: reportings in [/var/www/bookstore/views/pages/home.ctp, line 34]
2011-01-12 23:17:57 Notice: Notice (8): session_start() [http://php.net/function.session-start]: ps_files_cleanup_dir: opendir(/var/lib/php5) failed: Permission denied (13) in [/usr/share/php/cake/libs/cake_session.php, line 587]
2011-01-13 09:24:26 Notice: Notice (8): Undefined index: books in [/var/www/bookstore/app_controller.php, line 49]
2011-01-13 09:30:48 Notice: Notice (8): Undefined index: email in [/var/www/bookstore/views/customers/view.ctp, line 21]
2011-01-13 09:30:48 Notice: Notice (8): Undefined index: phone in [/var/www/bookstore/views/customers/view.ctp, line 26]
2011-01-13 09:31:52 Notice: Notice (8): Undefined index: Sale in [/var/www/bookstore/views/customers/view.ctp, line 43]
2011-01-13 09:40:49 Notice: Notice (8): Uninitialized string offset: 0 in [/var/www/bookstore/controllers/carts_controller.php, line 113]
2011-01-13 09:40:49 Notice: Notice (8): Uninitialized string offset: 0 in [/var/www/bookstore/controllers/carts_controller.php, line 114]
2011-01-13 09:40:49 Notice: Notice (8): Uninitialized string offset: 0 in [/var/www/bookstore/controllers/carts_controller.php, line 115]
2011-01-13 09:40:49 Notice: Notice (8): Uninitialized string offset: 0 in [/var/www/bookstore/controllers/carts_controller.php, line 116]
2011-01-13 09:40:49 Notice: Notice (8): Uninitialized string offset: 0 in [/var/www/bookstore/controllers/carts_controller.php, line 117]
2011-01-13 09:46:15 Notice: Notice (8): Undefined index: customer in [/var/www/bookstore/views/customers/view.ctp, line 28]
2011-01-13 09:46:48 Notice: Notice (8): Undefined index: CustomerId in [/var/www/bookstore/controllers/carts_controller.php, line 128]
2011-01-13 09:47:15 Notice: Notice (8): Undefined index: CustomerId in [/var/www/bookstore/controllers/carts_controller.php, line 130]
2011-01-13 12:40:42 Notice: Notice (8): Undefined index: carts in [/var/www/bookstore/app_controller.php, line 49]
2011-01-13 12:54:05 Notice: Notice (8): Undefined index: pages in [/var/www/bookstore/app_controller.php, line 49]
2011-01-13 13:02:33 Notice: Notice (8): Undefined index: pages in [/var/www/bookstore/app_controller.php, line 49]
2011-01-13 14:19:40 Notice: Notice (8): Undefined index: 2 in [/var/www/bookstore/controllers/carts_controller.php, line 115]
2011-01-13 14:19:40 Notice: Notice (8): Undefined index: 1 in [/var/www/bookstore/controllers/carts_controller.php, line 115]
2011-01-13 19:20:48 Notice: Notice (8): Undefined index: pages in [/var/www/bookstore/app_controller.php, line 49]
2011-01-13 19:22:26 Notice: Notice (8): Undefined index: User in [/var/www/bookstore/views/sales/index.ctp, line 28]
2011-01-13 19:22:26 Notice: Notice (8): Undefined index: date in [/var/www/bookstore/views/sales/index.ctp, line 31]
2011-01-13 19:22:26 Notice: Notice (8): Undefined index: Customer in [/var/www/bookstore/views/sales/index.ctp, line 33]
2011-01-13 20:25:05 Notice: Notice (8): session_start() [http://php.net/function.session-start]: ps_files_cleanup_dir: opendir(/var/lib/php5) failed: Permission denied (13) in [/usr/share/php/cake/libs/cake_session.php, line 587]
2011-01-13 22:13:51 Notice: Notice (8): Undefined index: carts in [/var/www/bookstore/app_controller.php, line 49]
2011-01-14 10:03:04 Notice: Notice (8): Undefined index: pages in [/var/www/bookstore/app_controller.php, line 49]
2011-01-14 19:27:29 Notice: Notice (8): Undefined index: attribute in [/var/www/bookstore/app_controller.php, line 80]
2011-01-14 19:27:29 Notice: Notice (8): Undefined index: value in [/var/www/bookstore/app_controller.php, line 80]
2011-01-14 19:28:05 Notice: Notice (8): Undefined index: attribute in [/var/www/bookstore/app_controller.php, line 80]
2011-01-14 19:28:05 Notice: Notice (8): Undefined index: value in [/var/www/bookstore/app_controller.php, line 80]
2011-01-14 19:28:07 Notice: Notice (8): Undefined index: attribute in [/var/www/bookstore/app_controller.php, line 80]
2011-01-14 19:28:07 Notice: Notice (8): Undefined index: value in [/var/www/bookstore/app_controller.php, line 80]
2011-01-14 19:28:09 Notice: Notice (8): Undefined index: attribute in [/var/www/bookstore/app_controller.php, line 80]
2011-01-14 19:28:09 Notice: Notice (8): Undefined index: value in [/var/www/bookstore/app_controller.php, line 80]
2011-01-14 19:59:24 Notice: Notice (8): Undefined index: CompanyTitle in [/var/www/bookstore/views/layouts/default.ctp, line 66]
2011-01-14 19:59:24 Notice: Notice (8): Undefined index: CompanyAdressStreet in [/var/www/bookstore/views/layouts/default.ctp, line 66]
2011-01-14 19:59:24 Notice: Notice (8): Undefined index: CompanyAdressLocation in [/var/www/bookstore/views/layouts/default.ctp, line 66]
2011-01-14 19:59:24 Notice: Notice (8): Undefined index: CompanyContactPhone in [/var/www/bookstore/views/layouts/default.ctp, line 66]
2011-01-14 19:59:24 Notice: Notice (8): Undefined index: CompanyContactMobile in [/var/www/bookstore/views/layouts/default.ctp, line 66]
2011-01-14 20:01:41 Notice: Notice (8): Undefined index: CompanyTitle in [/var/www/bookstore/views/layouts/default.ctp, line 66]
2011-01-14 20:01:41 Notice: Notice (8): Undefined index: CompanyAdressStreet in [/var/www/bookstore/views/layouts/default.ctp, line 66]
2011-01-14 20:01:41 Notice: Notice (8): Undefined index: CompanyAdressLocation in [/var/www/bookstore/views/layouts/default.ctp, line 66]
2011-01-14 20:01:41 Notice: Notice (8): Undefined index: CompanyContactPhone in [/var/www/bookstore/views/layouts/default.ctp, line 66]
2011-01-14 20:01:41 Notice: Notice (8): Undefined index: CompanyContactMobile in [/var/www/bookstore/views/layouts/default.ctp, line 66]
2011-01-14 20:01:44 Notice: Notice (8): Undefined index: CompanyTitle in [/var/www/bookstore/views/layouts/default.ctp, line 66]
2011-01-14 20:01:44 Notice: Notice (8): Undefined index: CompanyAdressStreet in [/var/www/bookstore/views/layouts/default.ctp, line 66]
2011-01-14 20:01:44 Notice: Notice (8): Undefined index: CompanyAdressLocation in [/var/www/bookstore/views/layouts/default.ctp, line 66]
2011-01-14 20:01:44 Notice: Notice (8): Undefined index: CompanyContactPhone in [/var/www/bookstore/views/layouts/default.ctp, line 66]
2011-01-14 20:01:44 Notice: Notice (8): Undefined index: CompanyContactMobile in [/var/www/bookstore/views/layouts/default.ctp, line 66]
2011-01-14 20:01:46 Notice: Notice (8): Undefined index: CompanyTitle in [/var/www/bookstore/views/layouts/default.ctp, line 66]
2011-01-14 20:01:46 Notice: Notice (8): Undefined index: CompanyAdressStreet in [/var/www/bookstore/views/layouts/default.ctp, line 66]
2011-01-14 20:01:46 Notice: Notice (8): Undefined index: CompanyAdressLocation in [/var/www/bookstore/views/layouts/default.ctp, line 66]
2011-01-14 20:01:46 Notice: Notice (8): Undefined index: CompanyContactPhone in [/var/www/bookstore/views/layouts/default.ctp, line 66]
2011-01-14 20:01:46 Notice: Notice (8): Undefined index: CompanyContactMobile in [/var/www/bookstore/views/layouts/default.ctp, line 66]
2011-01-14 20:01:57 Notice: Notice (8): Undefined index: CompanyTitle in [/var/www/bookstore/views/layouts/default.ctp, line 66]
2011-01-14 20:01:57 Notice: Notice (8): Undefined index: CompanyAdressStreet in [/var/www/bookstore/views/layouts/default.ctp, line 66]
2011-01-14 20:01:57 Notice: Notice (8): Undefined index: CompanyAdressLocation in [/var/www/bookstore/views/layouts/default.ctp, line 66]
2011-01-14 20:01:57 Notice: Notice (8): Undefined index: CompanyContactPhone in [/var/www/bookstore/views/layouts/default.ctp, line 66]
2011-01-14 20:01:57 Notice: Notice (8): Undefined index: CompanyContactMobile in [/var/www/bookstore/views/layouts/default.ctp, line 66]
2011-01-14 20:02:07 Notice: Notice (8): Undefined index: CompanyTitle in [/var/www/bookstore/views/layouts/default.ctp, line 66]
2011-01-14 20:02:07 Notice: Notice (8): Undefined index: CompanyAdressStreet in [/var/www/bookstore/views/layouts/default.ctp, line 66]
2011-01-14 20:02:07 Notice: Notice (8): Undefined index: CompanyAdressLocation in [/var/www/bookstore/views/layouts/default.ctp, line 66]
2011-01-14 20:02:07 Notice: Notice (8): Undefined index: CompanyContactPhone in [/var/www/bookstore/views/layouts/default.ctp, line 66]
2011-01-14 20:02:07 Notice: Notice (8): Undefined index: CompanyContactMobile in [/var/www/bookstore/views/layouts/default.ctp, line 66]
2011-01-14 20:02:22 Notice: Notice (8): Undefined index: CompanyTitle in [/var/www/bookstore/views/layouts/default.ctp, line 66]
2011-01-14 20:02:22 Notice: Notice (8): Undefined index: CompanyAdressStreet in [/var/www/bookstore/views/layouts/default.ctp, line 66]
2011-01-14 20:02:22 Notice: Notice (8): Undefined index: CompanyAdressLocation in [/var/www/bookstore/views/layouts/default.ctp, line 66]
2011-01-14 20:02:22 Notice: Notice (8): Undefined index: CompanyContactPhone in [/var/www/bookstore/views/layouts/default.ctp, line 66]
2011-01-14 20:02:22 Notice: Notice (8): Undefined index: CompanyContactMobile in [/var/www/bookstore/views/layouts/default.ctp, line 66]
2011-01-14 20:02:30 Notice: Notice (8): Undefined index: CompanyTitle in [/var/www/bookstore/views/layouts/default.ctp, line 66]
2011-01-14 20:02:30 Notice: Notice (8): Undefined index: CompanyAdressStreet in [/var/www/bookstore/views/layouts/default.ctp, line 66]
2011-01-14 20:02:30 Notice: Notice (8): Undefined index: CompanyAdressLocation in [/var/www/bookstore/views/layouts/default.ctp, line 66]
2011-01-14 20:02:30 Notice: Notice (8): Undefined index: CompanyContactPhone in [/var/www/bookstore/views/layouts/default.ctp, line 66]
2011-01-14 20:02:30 Notice: Notice (8): Undefined index: CompanyContactMobile in [/var/www/bookstore/views/layouts/default.ctp, line 66]
2011-01-14 20:02:42 Notice: Notice (8): Undefined index: CompanyTitle in [/var/www/bookstore/views/layouts/default.ctp, line 66]
2011-01-14 20:02:42 Notice: Notice (8): Undefined index: CompanyAdressStreet in [/var/www/bookstore/views/layouts/default.ctp, line 66]
2011-01-14 20:02:42 Notice: Notice (8): Undefined index: CompanyAdressLocation in [/var/www/bookstore/views/layouts/default.ctp, line 66]
2011-01-14 20:02:42 Notice: Notice (8): Undefined index: CompanyContactPhone in [/var/www/bookstore/views/layouts/default.ctp, line 66]
2011-01-14 20:02:42 Notice: Notice (8): Undefined index: CompanyContactMobile in [/var/www/bookstore/views/layouts/default.ctp, line 66]
2011-01-14 20:02:48 Notice: Notice (8): Undefined index: CompanyTitle in [/var/www/bookstore/views/layouts/default.ctp, line 66]
2011-01-14 20:02:48 Notice: Notice (8): Undefined index: CompanyAdressStreet in [/var/www/bookstore/views/layouts/default.ctp, line 66]
2011-01-14 20:02:48 Notice: Notice (8): Undefined index: CompanyAdressLocation in [/var/www/bookstore/views/layouts/default.ctp, line 66]
2011-01-14 20:02:48 Notice: Notice (8): Undefined index: CompanyContactPhone in [/var/www/bookstore/views/layouts/default.ctp, line 66]
2011-01-14 20:02:48 Notice: Notice (8): Undefined index: CompanyContactMobile in [/var/www/bookstore/views/layouts/default.ctp, line 66]
2011-01-14 20:02:52 Notice: Notice (8): Undefined index: CompanyTitle in [/var/www/bookstore/views/layouts/default.ctp, line 66]
2011-01-14 20:02:52 Notice: Notice (8): Undefined index: CompanyAdressStreet in [/var/www/bookstore/views/layouts/default.ctp, line 66]
2011-01-14 20:02:52 Notice: Notice (8): Undefined index: CompanyAdressLocation in [/var/www/bookstore/views/layouts/default.ctp, line 66]
2011-01-14 20:02:52 Notice: Notice (8): Undefined index: CompanyContactPhone in [/var/www/bookstore/views/layouts/default.ctp, line 66]
2011-01-14 20:02:52 Notice: Notice (8): Undefined index: CompanyContactMobile in [/var/www/bookstore/views/layouts/default.ctp, line 66]
2011-01-14 20:03:03 Notice: Notice (8): Undefined index: CompanyTitle in [/var/www/bookstore/views/layouts/default.ctp, line 66]
2011-01-14 20:03:03 Notice: Notice (8): Undefined index: CompanyAdressStreet in [/var/www/bookstore/views/layouts/default.ctp, line 66]
2011-01-14 20:03:03 Notice: Notice (8): Undefined index: CompanyAdressLocation in [/var/www/bookstore/views/layouts/default.ctp, line 66]
2011-01-14 20:03:03 Notice: Notice (8): Undefined index: CompanyContactPhone in [/var/www/bookstore/views/layouts/default.ctp, line 66]
2011-01-14 20:03:03 Notice: Notice (8): Undefined index: CompanyContactMobile in [/var/www/bookstore/views/layouts/default.ctp, line 66]
2011-01-14 20:03:13 Notice: Notice (8): Undefined index: CompanyTitle in [/var/www/bookstore/views/layouts/default.ctp, line 66]
2011-01-14 20:03:13 Notice: Notice (8): Undefined index: CompanyAdressStreet in [/var/www/bookstore/views/layouts/default.ctp, line 66]
2011-01-14 20:03:13 Notice: Notice (8): Undefined index: CompanyAdressLocation in [/var/www/bookstore/views/layouts/default.ctp, line 66]
2011-01-14 20:03:13 Notice: Notice (8): Undefined index: CompanyContactPhone in [/var/www/bookstore/views/layouts/default.ctp, line 66]
2011-01-14 20:03:13 Notice: Notice (8): Undefined index: CompanyContactMobile in [/var/www/bookstore/views/layouts/default.ctp, line 66]
2011-01-14 20:03:15 Notice: Notice (8): Undefined index: CompanyTitle in [/var/www/bookstore/views/layouts/default.ctp, line 66]
2011-01-14 20:03:15 Notice: Notice (8): Undefined index: CompanyAdressStreet in [/var/www/bookstore/views/layouts/default.ctp, line 66]
2011-01-14 20:03:15 Notice: Notice (8): Undefined index: CompanyAdressLocation in [/var/www/bookstore/views/layouts/default.ctp, line 66]
2011-01-14 20:03:15 Notice: Notice (8): Undefined index: CompanyContactPhone in [/var/www/bookstore/views/layouts/default.ctp, line 66]
2011-01-14 20:03:15 Notice: Notice (8): Undefined index: CompanyContactMobile in [/var/www/bookstore/views/layouts/default.ctp, line 66]
2011-01-14 20:03:29 Notice: Notice (8): Undefined index: CompanyTitle in [/var/www/bookstore/views/layouts/default.ctp, line 66]
2011-01-14 20:03:29 Notice: Notice (8): Undefined index: CompanyAdressStreet in [/var/www/bookstore/views/layouts/default.ctp, line 66]
2011-01-14 20:03:29 Notice: Notice (8): Undefined index: CompanyAdressLocation in [/var/www/bookstore/views/layouts/default.ctp, line 66]
2011-01-14 20:03:29 Notice: Notice (8): Undefined index: CompanyContactPhone in [/var/www/bookstore/views/layouts/default.ctp, line 66]
2011-01-14 20:03:29 Notice: Notice (8): Undefined index: CompanyContactMobile in [/var/www/bookstore/views/layouts/default.ctp, line 66]
2011-01-14 20:17:24 Notice: Notice (8): Undefined variable: print in [/var/www/bookstore/views/carts/view.ctp, line 86]
2011-01-14 20:17:43 Notice: Notice (8): Undefined variable: ajax in [/var/www/bookstore/controllers/carts_controller.php, line 17]
2011-01-14 20:18:03 Notice: Notice (8): Undefined variable: ajax in [/var/www/bookstore/controllers/carts_controller.php, line 17]
2011-01-14 20:18:07 Notice: Notice (8): Undefined variable: ajax in [/var/www/bookstore/controllers/carts_controller.php, line 17]
2011-01-14 20:23:54 Notice: Notice (8): Undefined index: Customer in [/var/www/bookstore/controllers/carts_controller.php, line 38]
2011-01-14 20:23:54 Notice: Notice (8): Undefined index: Customer in [/var/www/bookstore/controllers/carts_controller.php, line 39]
2011-01-14 20:23:54 Notice: Notice (8): Undefined index: Sale in [/var/www/bookstore/models/cart.php, line 40]
2011-01-14 20:23:54 Notice: Notice (8): Undefined index: discount in [/var/www/bookstore/models/cart.php, line 43]
2011-01-14 20:23:54 Notice: Notice (8): Undefined index: discount in [/var/www/bookstore/models/cart.php, line 45]
2011-01-14 20:23:54 Notice: Notice (8): Undefined index: Sale in [/var/www/bookstore/controllers/carts_controller.php, line 51]
2011-01-15 15:04:27 Notice: Notice (8): Array to string conversion in [/usr/share/php/cake/libs/model/datasources/dbo_source.php, line 2193]
2011-01-15 15:04:27 Notice: Notice (8): Array to string conversion in [/usr/share/php/cake/libs/model/datasources/dbo_source.php, line 2193]
2011-01-15 15:04:51 Notice: Notice (8): Array to string conversion in [/usr/share/php/cake/libs/model/datasources/dbo_source.php, line 2193]
2011-01-15 15:05:10 Notice: Notice (8): Array to string conversion in [/usr/share/php/cake/libs/model/datasources/dbo_source.php, line 2193]
2011-01-15 15:05:21 Notice: Notice (8): Array to string conversion in [/usr/share/php/cake/libs/model/datasources/dbo_source.php, line 2193]
2011-01-15 15:05:49 Notice: Notice (8): Array to string conversion in [/usr/share/php/cake/libs/model/datasources/dbo_source.php, line 2193]
2011-01-15 19:43:56 Notice: Notice (8): Undefined index: Customer in [/var/www/bookstore/views/carts/monthlyreport.ctp, line 99]
2011-01-15 19:43:56 Notice: Notice (8): Undefined index: Customer in [/var/www/bookstore/views/carts/monthlyreport.ctp, line 100]
2011-01-15 19:43:56 Notice: Notice (8): Undefined index: Customer in [/var/www/bookstore/views/carts/monthlyreport.ctp, line 101]
2011-01-15 19:44:11 Notice: Notice (8): Undefined index: Customer in [/var/www/bookstore/views/carts/monthlyreport.ctp, line 101]
2011-01-15 20:20:49 Notice: Notice (8): Undefined index: ammaxount in [/var/www/bookstore/views/carts/monthlyreport.ctp, line 36]
2011-01-15 20:21:16 Notice: Notice (8): Undefined index: maxamount in [/var/www/bookstore/views/carts/monthlyreport.ctp, line 36]
2011-01-15 20:28:48 Notice: Notice (8): Undefined variable: sale in [/var/www/bookstore/views/carts/monthlyreport.ctp, line 57]
2011-01-15 20:29:07 Notice: Notice (8): Undefined variable: sale in [/var/www/bookstore/views/carts/monthlyreport.ctp, line 57]
2011-01-15 20:37:43 Notice: Notice (8): Undefined variable: count in [/var/www/bookstore/views/carts/monthlyreport.ctp, line 71]
2011-01-15 21:51:48 Notice: Notice (8): Undefined index: books in [/var/www/bookstore/app_controller.php, line 49]
2011-01-16 08:54:38 Notice: Notice (8): Undefined index: Book in [/var/www/bookstore/views/carts/monthlyreport.ctp, line 25]
2011-01-16 08:54:38 Notice: Notice (8): Undefined index: Book in [/var/www/bookstore/views/carts/monthlyreport.ctp, line 26]
2011-01-16 08:54:38 Notice: Notice (8): Undefined index: Book in [/var/www/bookstore/views/carts/monthlyreport.ctp, line 27]
2011-01-16 10:08:16 Notice: Notice (8): Undefined index: books in [/var/www/bookstore/app_controller.php, line 49]
2011-01-16 10:08:30 Notice: Notice (8): Undefined index: Book in [/var/www/bookstore/views/carts/monthlyreport.ctp, line 25]
2011-01-16 10:08:30 Notice: Notice (8): Undefined index: Book in [/var/www/bookstore/views/carts/monthlyreport.ctp, line 26]
2011-01-16 10:08:30 Notice: Notice (8): Undefined index: Book in [/var/www/bookstore/views/carts/monthlyreport.ctp, line 27]
2011-01-16 10:09:01 Notice: Notice (8): Undefined index: Book in [/var/www/bookstore/views/carts/monthlyreport.ctp, line 25]
2011-01-16 10:09:01 Notice: Notice (8): Undefined index: Book in [/var/www/bookstore/views/carts/monthlyreport.ctp, line 26]
2011-01-16 10:09:01 Notice: Notice (8): Undefined index: Book in [/var/www/bookstore/views/carts/monthlyreport.ctp, line 27]
2011-01-16 10:09:02 Notice: Notice (8): Undefined index: Book in [/var/www/bookstore/views/carts/monthlyreport.ctp, line 25]
2011-01-16 10:09:02 Notice: Notice (8): Undefined index: Book in [/var/www/bookstore/views/carts/monthlyreport.ctp, line 26]
2011-01-16 10:09:02 Notice: Notice (8): Undefined index: Book in [/var/www/bookstore/views/carts/monthlyreport.ctp, line 27]
2011-01-16 10:28:33 Notice: Notice (8): Undefined index: Book in [/var/www/bookstore/views/carts/monthlyreport.ctp, line 25]
2011-01-16 10:28:33 Notice: Notice (8): Undefined index: Book in [/var/www/bookstore/views/carts/monthlyreport.ctp, line 26]
2011-01-16 10:28:33 Notice: Notice (8): Undefined index: Book in [/var/www/bookstore/views/carts/monthlyreport.ctp, line 27]
2011-01-16 10:29:03 Notice: Notice (8): Undefined index: Customer in [/var/www/bookstore/views/carts/monthlyreport.ctp, line 24]
2011-01-16 10:30:22 Notice: Notice (8): Undefined index: Book in [/var/www/bookstore/views/carts/monthlyreport.ctp, line 25]
2011-01-16 10:30:22 Notice: Notice (8): Undefined index: Book in [/var/www/bookstore/views/carts/monthlyreport.ctp, line 26]
2011-01-16 10:30:22 Notice: Notice (8): Undefined index: Book in [/var/www/bookstore/views/carts/monthlyreport.ctp, line 27]
2011-01-16 15:03:07 Notice: Notice (8): Undefined index: carts in [/var/www/bookstore/app_controller.php, line 49]
2011-01-16 15:03:16 Notice: Notice (8): Undefined index: books in [/var/www/bookstore/app_controller.php, line 49]
2011-01-16 15:03:25 Notice: Notice (8): Undefined index: 0 in [/var/www/bookstore/views/carts/monthlyreport.ctp, line 8]
2011-01-16 15:03:25 Notice: Notice (8): Undefined index: 0 in [/var/www/bookstore/views/carts/monthlyreport.ctp, line 9]
2011-01-16 15:03:25 Notice: Notice (8): Undefined index: 0 in [/var/www/bookstore/views/carts/monthlyreport.ctp, line 10]
2011-01-16 15:03:25 Notice: Notice (8): Undefined index: 0 in [/var/www/bookstore/views/carts/monthlyreport.ctp, line 11]
2011-01-16 15:03:25 Notice: Notice (8): Undefined index: 0 in [/var/www/bookstore/views/carts/monthlyreport.ctp, line 12]
2011-01-16 15:03:25 Notice: Notice (8): Undefined index: 0 in [/var/www/bookstore/views/carts/monthlyreport.ctp, line 13]
2011-01-16 15:03:25 Notice: Notice (8): Undefined index: id in [/var/www/bookstore/views/carts/monthlyreport.ctp, line 106]
2011-01-16 15:03:25 Notice: Notice (8): Undefined index: id in [/var/www/bookstore/views/carts/monthlyreport.ctp, line 127]
2011-01-16 15:04:34 Notice: Notice (8): Undefined index: 0 in [/var/www/bookstore/views/carts/monthlyreport.ctp, line 8]
2011-01-16 15:04:34 Notice: Notice (8): Undefined index: 0 in [/var/www/bookstore/views/carts/monthlyreport.ctp, line 9]
2011-01-16 15:04:34 Notice: Notice (8): Undefined index: 0 in [/var/www/bookstore/views/carts/monthlyreport.ctp, line 10]
2011-01-16 15:04:34 Notice: Notice (8): Undefined index: 0 in [/var/www/bookstore/views/carts/monthlyreport.ctp, line 11]
2011-01-16 15:04:34 Notice: Notice (8): Undefined index: 0 in [/var/www/bookstore/views/carts/monthlyreport.ctp, line 12]
2011-01-16 15:04:34 Notice: Notice (8): Undefined index: 0 in [/var/www/bookstore/views/carts/monthlyreport.ctp, line 13]
2011-01-16 15:04:34 Notice: Notice (8): Undefined index: id in [/var/www/bookstore/views/carts/monthlyreport.ctp, line 106]
2011-01-16 15:04:34 Notice: Notice (8): Undefined index: id in [/var/www/bookstore/views/carts/monthlyreport.ctp, line 127]
2011-01-16 15:05:11 Notice: Notice (8): Undefined index: 0 in [/var/www/bookstore/views/carts/monthlyreport.ctp, line 8]
2011-01-16 15:05:11 Notice: Notice (8): Undefined index: 0 in [/var/www/bookstore/views/carts/monthlyreport.ctp, line 9]
2011-01-16 15:05:11 Notice: Notice (8): Undefined index: 0 in [/var/www/bookstore/views/carts/monthlyreport.ctp, line 10]
2011-01-16 15:05:11 Notice: Notice (8): Undefined index: 0 in [/var/www/bookstore/views/carts/monthlyreport.ctp, line 11]
2011-01-16 15:05:11 Notice: Notice (8): Undefined index: 0 in [/var/www/bookstore/views/carts/monthlyreport.ctp, line 12]
2011-01-16 15:05:11 Notice: Notice (8): Undefined index: 0 in [/var/www/bookstore/views/carts/monthlyreport.ctp, line 13]
2011-01-16 15:05:11 Notice: Notice (8): Undefined index: id in [/var/www/bookstore/views/carts/monthlyreport.ctp, line 106]
2011-01-16 15:05:11 Notice: Notice (8): Undefined index: id in [/var/www/bookstore/views/carts/monthlyreport.ctp, line 127]
2011-01-16 15:05:27 Notice: Notice (8): Undefined index: 0 in [/var/www/bookstore/views/carts/monthlyreport.ctp, line 8]
2011-01-16 15:05:27 Notice: Notice (8): Undefined index: 0 in [/var/www/bookstore/views/carts/monthlyreport.ctp, line 9]
2011-01-16 15:05:27 Notice: Notice (8): Undefined index: 0 in [/var/www/bookstore/views/carts/monthlyreport.ctp, line 10]
2011-01-16 15:05:27 Notice: Notice (8): Undefined index: 0 in [/var/www/bookstore/views/carts/monthlyreport.ctp, line 11]
2011-01-16 15:05:27 Notice: Notice (8): Undefined index: 0 in [/var/www/bookstore/views/carts/monthlyreport.ctp, line 12]
2011-01-16 15:05:27 Notice: Notice (8): Undefined index: 0 in [/var/www/bookstore/views/carts/monthlyreport.ctp, line 13]
2011-01-16 15:05:27 Notice: Notice (8): Undefined index: id in [/var/www/bookstore/views/carts/monthlyreport.ctp, line 106]
2011-01-16 15:05:27 Notice: Notice (8): Undefined index: id in [/var/www/bookstore/views/carts/monthlyreport.ctp, line 127]
2011-01-16 15:10:46 Notice: Notice (8): Undefined property: View::$Html in [/var/www/bookstore/views/books/report.ctp, line 60]
2011-01-16 15:12:27 Notice: Notice (8): Undefined index: id in [/var/www/bookstore/views/carts/monthlyreport.ctp, line 106]
2011-01-16 15:16:24 Notice: Notice (8): Undefined index: id in [/var/www/bookstore/views/carts/monthlyreport.ctp, line 106]
2011-01-16 15:17:14 Notice: Notice (8): Undefined index: 0 in [/var/www/bookstore/views/carts/monthlyreport.ctp, line 8]
2011-01-16 15:17:14 Notice: Notice (8): Undefined index: 0 in [/var/www/bookstore/views/carts/monthlyreport.ctp, line 9]
2011-01-16 15:17:14 Notice: Notice (8): Undefined index: 0 in [/var/www/bookstore/views/carts/monthlyreport.ctp, line 10]
2011-01-16 15:17:14 Notice: Notice (8): Undefined index: 0 in [/var/www/bookstore/views/carts/monthlyreport.ctp, line 11]
2011-01-16 15:17:14 Notice: Notice (8): Undefined index: 0 in [/var/www/bookstore/views/carts/monthlyreport.ctp, line 12]
2011-01-16 15:17:14 Notice: Notice (8): Undefined index: 0 in [/var/www/bookstore/views/carts/monthlyreport.ctp, line 13]
2011-01-16 15:17:14 Notice: Notice (8): Undefined index: id in [/var/www/bookstore/views/carts/monthlyreport.ctp, line 106]
2011-01-16 15:17:14 Notice: Notice (8): Undefined index: id in [/var/www/bookstore/views/carts/monthlyreport.ctp, line 127]
2011-01-16 15:17:48 Notice: Notice (8): Undefined index: 0 in [/var/www/bookstore/views/carts/monthlyreport.ctp, line 8]
2011-01-16 15:17:48 Notice: Notice (8): Undefined index: 0 in [/var/www/bookstore/views/carts/monthlyreport.ctp, line 9]
2011-01-16 15:17:48 Notice: Notice (8): Undefined index: 0 in [/var/www/bookstore/views/carts/monthlyreport.ctp, line 10]
2011-01-16 15:17:48 Notice: Notice (8): Undefined index: 0 in [/var/www/bookstore/views/carts/monthlyreport.ctp, line 11]
2011-01-16 15:17:48 Notice: Notice (8): Undefined index: 0 in [/var/www/bookstore/views/carts/monthlyreport.ctp, line 12]
2011-01-16 15:17:48 Notice: Notice (8): Undefined index: 0 in [/var/www/bookstore/views/carts/monthlyreport.ctp, line 13]
2011-01-16 15:17:48 Notice: Notice (8): Undefined index: id in [/var/www/bookstore/views/carts/monthlyreport.ctp, line 106]
2011-01-16 15:17:48 Notice: Notice (8): Undefined index: id in [/var/www/bookstore/views/carts/monthlyreport.ctp, line 127]
2011-01-16 15:19:24 Notice: Notice (8): Undefined index: id in [/var/www/bookstore/views/carts/monthlyreport.ctp, line 106]
2011-01-16 15:19:24 Notice: Notice (8): Undefined index: id in [/var/www/bookstore/views/carts/monthlyreport.ctp, line 127]
2011-01-16 15:19:29 Notice: Notice (8): Undefined index: id in [/var/www/bookstore/views/carts/monthlyreport.ctp, line 106]
2011-01-16 15:19:29 Notice: Notice (8): Undefined index: id in [/var/www/bookstore/views/carts/monthlyreport.ctp, line 127]
2011-01-16 15:19:56 Notice: Notice (8): Undefined index: id in [/var/www/bookstore/views/carts/monthlyreport.ctp, line 106]
2011-01-16 15:19:56 Notice: Notice (8): Undefined index: id in [/var/www/bookstore/views/carts/monthlyreport.ctp, line 127]
2011-01-16 15:20:24 Notice: Notice (8): Undefined index: id in [/var/www/bookstore/views/carts/monthlyreport.ctp, line 106]
2011-01-16 15:20:24 Notice: Notice (8): Undefined index: id in [/var/www/bookstore/views/carts/monthlyreport.ctp, line 127]
2011-01-16 17:21:15 Notice: Notice (8): Undefined index: books in [/var/www/bookstore/app_controller.php, line 50]
2011-01-16 17:21:30 Notice: Notice (8): Undefined index: id in [/var/www/bookstore/views/carts/monthlyreport.ctp, line 106]
2011-01-16 17:23:01 Notice: Notice (8): Undefined index: id in [/var/www/bookstore/views/carts/monthlyreport.ctp, line 106]
2011-01-16 17:43:17 Notice: Notice (8): session_start() [http://php.net/function.session-start]: ps_files_cleanup_dir: opendir(/var/lib/php5) failed: Permission denied (13) in [/usr/share/php/cake/libs/cake_session.php, line 587]
