2011-01-07 21:26:43 Warning: Warning (2): in_array() expects parameter 2 to be array, null given in [/var/www/bookstore/app_controller.php, line 46]
2011-01-07 21:26:43 Warning: Warning (2): in_array() expects parameter 2 to be array, null given in [/var/www/bookstore/app_controller.php, line 47]
2011-01-07 21:26:43 Warning: Warning (2): in_array() expects parameter 2 to be array, null given in [/var/www/bookstore/app_controller.php, line 46]
2011-01-08 08:44:05 Warning: Warning (2): in_array() expects parameter 2 to be array, null given in [/var/www/bookstore/app_controller.php, line 47]
2011-01-08 11:35:14 Warning: Warning (2): Invalid argument supplied for foreach() in [/usr/share/php/cake/libs/view/helpers/form.php, line 1074]
2011-01-08 12:59:53 Warning: Warning (2): in_array() expects parameter 2 to be array, null given in [/var/www/bookstore/app_controller.php, line 49]
2011-01-08 18:54:00 Warning: Warning (2): in_array() expects parameter 2 to be array, null given in [/var/www/bookstore/app_controller.php, line 49]
2011-01-08 18:54:02 Warning: Warning (2): in_array() expects parameter 2 to be array, null given in [/var/www/bookstore/app_controller.php, line 49]
2011-01-09 10:08:38 Warning: Warning (2): in_array() expects parameter 2 to be array, null given in [/var/www/bookstore/app_controller.php, line 49]
2011-01-09 19:45:03 Warning: Warning (2): in_array() expects parameter 2 to be array, null given in [/var/www/bookstore/app_controller.php, line 49]
2011-01-09 20:11:40 Warning: Warning (2): array_push() expects parameter 1 to be array, boolean given in [/var/www/bookstore/controllers/sales_controller.php, line 77]
2011-01-10 08:14:32 Warning: Warning (2): in_array() expects parameter 2 to be array, null given in [/var/www/bookstore/app_controller.php, line 49]
2011-01-10 13:52:43 Warning: Warning (2): in_array() expects parameter 2 to be array, null given in [/var/www/bookstore/app_controller.php, line 49]
2011-01-10 16:17:11 Warning: Warning (2): in_array() expects parameter 2 to be array, null given in [/var/www/bookstore/app_controller.php, line 49]
2011-01-10 17:41:15 Warning: Warning (512): <span style="color:Red;text-align:left"><b>SQL Error:</b> 1064: You have an error in your SQL syntax; check the manual that corresponds to your MySQL server version for the right syntax to use near ''adsf'' at line 1</span> in [/usr/share/php/cake/libs/model/datasources/dbo_source.php, line 673]
2011-01-10 17:42:00 Warning: Warning (512): <span style="color:Red;text-align:left"><b>SQL Error:</b> 1064: You have an error in your SQL syntax; check the manual that corresponds to your MySQL server version for the right syntax to use near ''(adsf)'' at line 1</span> in [/usr/share/php/cake/libs/model/datasources/dbo_source.php, line 673]
2011-01-10 17:42:40 Warning: Warning (512): <span style="color:Red;text-align:left"><b>SQL Error:</b> 1064: You have an error in your SQL syntax; check the manual that corresponds to your MySQL server version for the right syntax to use near ''adsf'' at line 1</span> in [/usr/share/php/cake/libs/model/datasources/dbo_source.php, line 673]
2011-01-10 17:43:06 Warning: Warning (512): <span style="color:Red;text-align:left"><b>SQL Error:</b> 1064: You have an error in your SQL syntax; check the manual that corresponds to your MySQL server version for the right syntax to use near '3' at line 1</span> in [/usr/share/php/cake/libs/model/datasources/dbo_source.php, line 673]
2011-01-10 17:44:08 Warning: Warning (512): <span style="color:Red;text-align:left"><b>SQL Error:</b> 1064: You have an error in your SQL syntax; check the manual that corresponds to your MySQL server version for the right syntax to use near ''(3)'' at line 1</span> in [/usr/share/php/cake/libs/model/datasources/dbo_source.php, line 673]
2011-01-10 17:50:54 Warning: Warning (512): <span style="color:Red;text-align:left"><b>SQL Error:</b> 1064: You have an error in your SQL syntax; check the manual that corresponds to your MySQL server version for the right syntax to use near 'IN ('3', '3')' at line 2</span> in [/usr/share/php/cake/libs/model/datasources/dbo_source.php, line 673]
2011-01-10 20:47:35 Warning: Warning (2): in_array() expects parameter 2 to be array, null given in [/var/www/bookstore/app_controller.php, line 49]
2011-01-10 23:27:20 Warning: Warning (512): <span style="color:Red;text-align:left"><b>SQL Error:</b> 1054: Unknown column 'Sale.user_id' in 'field list'</span> in [/usr/share/php/cake/libs/model/datasources/dbo_source.php, line 673]
2011-01-10 23:27:20 Warning: Warning (2): Invalid argument supplied for foreach() in [/usr/share/php/cake/libs/model/datasources/dbo_source.php, line 1083]
2011-01-10 23:33:38 Warning: Warning (512): <span style="color:Red;text-align:left"><b>SQL Error:</b> 1054: Unknown column 'Sale.user_id' in 'field list'</span> in [/usr/share/php/cake/libs/model/datasources/dbo_source.php, line 673]
2011-01-10 23:33:38 Warning: Warning (2): Invalid argument supplied for foreach() in [/usr/share/php/cake/libs/model/datasources/dbo_source.php, line 1083]
2011-01-10 23:34:04 Warning: Warning (512): <span style="color:Red;text-align:left"><b>SQL Error:</b> 1054: Unknown column 'Sale.user_id' in 'field list'</span> in [/usr/share/php/cake/libs/model/datasources/dbo_source.php, line 673]
2011-01-10 23:34:04 Warning: Warning (2): Invalid argument supplied for foreach() in [/usr/share/php/cake/libs/model/datasources/dbo_source.php, line 1083]
2011-01-10 23:34:14 Warning: Warning (512): <span style="color:Red;text-align:left"><b>SQL Error:</b> 1054: Unknown column 'Sale.user_id' in 'field list'</span> in [/usr/share/php/cake/libs/model/datasources/dbo_source.php, line 673]
2011-01-10 23:34:14 Warning: Warning (2): Invalid argument supplied for foreach() in [/usr/share/php/cake/libs/model/datasources/dbo_source.php, line 1083]
2011-01-10 23:34:30 Warning: Warning (512): <span style="color:Red;text-align:left"><b>SQL Error:</b> 1054: Unknown column 'Sale.user_id' in 'field list'</span> in [/usr/share/php/cake/libs/model/datasources/dbo_source.php, line 673]
2011-01-10 23:34:30 Warning: Warning (2): Invalid argument supplied for foreach() in [/usr/share/php/cake/libs/model/datasources/dbo_source.php, line 1083]
2011-01-10 23:34:45 Warning: Warning (512): <span style="color:Red;text-align:left"><b>SQL Error:</b> 1054: Unknown column 'Sale.user_id' in 'field list'</span> in [/usr/share/php/cake/libs/model/datasources/dbo_source.php, line 673]
2011-01-10 23:34:45 Warning: Warning (2): Invalid argument supplied for foreach() in [/usr/share/php/cake/libs/model/datasources/dbo_source.php, line 1083]
2011-01-10 23:36:12 Warning: Warning (512): <span style="color:Red;text-align:left"><b>SQL Error:</b> 1054: Unknown column 'Sale.user_id' in 'field list'</span> in [/usr/share/php/cake/libs/model/datasources/dbo_source.php, line 673]
2011-01-10 23:36:12 Warning: Warning (2): Invalid argument supplied for foreach() in [/usr/share/php/cake/libs/model/datasources/dbo_source.php, line 1083]
2011-01-10 23:36:47 Warning: Warning (512): <span style="color:Red;text-align:left"><b>SQL Error:</b> 1054: Unknown column 'Sale.user_id' in 'field list'</span> in [/usr/share/php/cake/libs/model/datasources/dbo_source.php, line 673]
2011-01-10 23:36:47 Warning: Warning (2): Invalid argument supplied for foreach() in [/usr/share/php/cake/libs/model/datasources/dbo_source.php, line 1083]
2011-01-10 23:37:34 Warning: Warning (512): <span style="color:Red;text-align:left"><b>SQL Error:</b> 1054: Unknown column 'Sale.user_id' in 'field list'</span> in [/usr/share/php/cake/libs/model/datasources/dbo_source.php, line 673]
2011-01-10 23:37:34 Warning: Warning (2): Invalid argument supplied for foreach() in [/usr/share/php/cake/libs/model/datasources/dbo_source.php, line 1083]
2011-01-10 23:37:46 Warning: Warning (512): <span style="color:Red;text-align:left"><b>SQL Error:</b> 1054: Unknown column 'Sale.user_id' in 'field list'</span> in [/usr/share/php/cake/libs/model/datasources/dbo_source.php, line 673]
2011-01-10 23:37:46 Warning: Warning (2): Invalid argument supplied for foreach() in [/usr/share/php/cake/libs/model/datasources/dbo_source.php, line 1083]
2011-01-10 23:38:15 Warning: Warning (512): <span style="color:Red;text-align:left"><b>SQL Error:</b> 1054: Unknown column 'Sale.user_id' in 'field list'</span> in [/usr/share/php/cake/libs/model/datasources/dbo_source.php, line 673]
2011-01-10 23:38:15 Warning: Warning (2): Invalid argument supplied for foreach() in [/usr/share/php/cake/libs/model/datasources/dbo_source.php, line 1083]
2011-01-10 23:39:28 Warning: Warning (512): <span style="color:Red;text-align:left"><b>SQL Error:</b> 1054: Unknown column 'Sale.user_id' in 'field list'</span> in [/usr/share/php/cake/libs/model/datasources/dbo_source.php, line 673]
2011-01-10 23:39:28 Warning: Warning (2): Invalid argument supplied for foreach() in [/usr/share/php/cake/libs/model/datasources/dbo_source.php, line 1083]
2011-01-10 23:41:23 Warning: Warning (512): <span style="color:Red;text-align:left"><b>SQL Error:</b> 1054: Unknown column 'Sale.user_id' in 'field list'</span> in [/usr/share/php/cake/libs/model/datasources/dbo_source.php, line 673]
2011-01-10 23:41:23 Warning: Warning (2): Invalid argument supplied for foreach() in [/usr/share/php/cake/libs/model/datasources/dbo_source.php, line 1083]
2011-01-10 23:41:46 Warning: Warning (512): <span style="color:Red;text-align:left"><b>SQL Error:</b> 1054: Unknown column 'Sale.user_id' in 'field list'</span> in [/usr/share/php/cake/libs/model/datasources/dbo_source.php, line 673]
2011-01-10 23:41:46 Warning: Warning (2): Invalid argument supplied for foreach() in [/usr/share/php/cake/libs/model/datasources/dbo_source.php, line 1083]
2011-01-10 23:41:58 Warning: Warning (512): <span style="color:Red;text-align:left"><b>SQL Error:</b> 1054: Unknown column 'Sale.user_id' in 'field list'</span> in [/usr/share/php/cake/libs/model/datasources/dbo_source.php, line 673]
2011-01-10 23:41:58 Warning: Warning (2): Invalid argument supplied for foreach() in [/usr/share/php/cake/libs/model/datasources/dbo_source.php, line 1083]
2011-01-10 23:42:47 Warning: Warning (512): <span style="color:Red;text-align:left"><b>SQL Error:</b> 1054: Unknown column 'Sale.user_id' in 'field list'</span> in [/usr/share/php/cake/libs/model/datasources/dbo_source.php, line 673]
2011-01-10 23:42:47 Warning: Warning (2): Invalid argument supplied for foreach() in [/usr/share/php/cake/libs/model/datasources/dbo_source.php, line 1083]
2011-01-10 23:44:30 Warning: Warning (512): <span style="color:Red;text-align:left"><b>SQL Error:</b> 1054: Unknown column 'Sale.user_id' in 'field list'</span> in [/usr/share/php/cake/libs/model/datasources/dbo_source.php, line 673]
2011-01-10 23:44:30 Warning: Warning (2): Invalid argument supplied for foreach() in [/usr/share/php/cake/libs/model/datasources/dbo_source.php, line 1083]
2011-01-11 00:09:17 Warning: Warning (2): in_array() expects parameter 2 to be array, null given in [/var/www/bookstore/app_controller.php, line 49]
2011-01-11 09:47:43 Warning: Warning (2): Cannot modify header information - headers already sent by (output started at /usr/share/php/cake/basics.php:110) in [/usr/share/php/cake/libs/controller/controller.php, line 746]
2011-01-11 09:49:19 Warning: Warning (2): Cannot modify header information - headers already sent by (output started at /usr/share/php/cake/basics.php:119) in [/usr/share/php/cake/libs/controller/controller.php, line 746]
2011-01-11 10:05:25 Warning: Warning (512): <span style="color:Red;text-align:left"><b>SQL Error:</b> 1048: Column 'discount' cannot be null</span> in [/usr/share/php/cake/libs/model/datasources/dbo_source.php, line 673]
2011-01-11 10:06:45 Warning: Warning (512): <span style="color:Red;text-align:left"><b>SQL Error:</b> 1048: Column 'discount' cannot be null</span> in [/usr/share/php/cake/libs/model/datasources/dbo_source.php, line 673]
2011-01-11 13:20:00 Warning: Warning (2): in_array() expects parameter 2 to be array, null given in [/var/www/bookstore/app_controller.php, line 49]
2011-01-11 14:26:15 Warning: Warning (2): in_array() expects parameter 2 to be array, null given in [/var/www/bookstore/app_controller.php, line 49]
2011-01-11 16:43:43 Warning: Warning (512): <span style="color:Red;text-align:left"><b>SQL Error:</b> 1054: Unknown column 'Sale.customer_id' in 'field list'</span> in [/usr/share/php/cake/libs/model/datasources/dbo_source.php, line 673]
2011-01-11 16:43:43 Warning: Warning (2): Invalid argument supplied for foreach() in [/usr/share/php/cake/libs/model/datasources/dbo_source.php, line 1083]
2011-01-11 16:43:43 Warning: Warning (512): <span style="color:Red;text-align:left"><b>SQL Error:</b> 1054: Unknown column 'Sale.customer_id' in 'field list'</span> in [/usr/share/php/cake/libs/model/datasources/dbo_source.php, line 673]
2011-01-11 16:43:43 Warning: Warning (2): Invalid argument supplied for foreach() in [/usr/share/php/cake/libs/model/datasources/dbo_source.php, line 1083]
2011-01-11 17:08:22 Warning: Warning (512): <span style="color:Red;text-align:left"><b>SQL Error:</b> 1048: Column 'customer_id' cannot be null</span> in [/usr/share/php/cake/libs/model/datasources/dbo_source.php, line 673]
2011-01-11 18:08:52 Warning: Warning (2): in_array() expects parameter 2 to be array, null given in [/var/www/bookstore/app_controller.php, line 49]
2011-01-12 09:07:09 Warning: Warning (2): in_array() expects parameter 2 to be array, null given in [/var/www/bookstore/app_controller.php, line 49]
2011-01-12 09:34:54 Warning: Warning (2): Invalid argument supplied for foreach() in [/usr/share/php/cake/libs/model/model.php, line 571]
2011-01-12 09:35:34 Warning: Warning (2): Invalid argument supplied for foreach() in [/usr/share/php/cake/libs/model/model.php, line 576]
2011-01-12 10:40:28 Warning: Warning (2): in_array() expects parameter 2 to be array, null given in [/var/www/bookstore/app_controller.php, line 49]
2011-01-12 14:39:33 Warning: Warning (2): in_array() expects parameter 2 to be array, null given in [/var/www/bookstore/app_controller.php, line 49]
2011-01-12 15:30:35 Warning: Warning (2): in_array() expects parameter 2 to be array, null given in [/var/www/bookstore/app_controller.php, line 49]
2011-01-12 16:39:47 Warning: Warning (2): Invalid argument supplied for foreach() in [/usr/share/php/cake/libs/view/helpers/form.php, line 1074]
2011-01-12 20:08:07 Warning: Warning (2): in_array() expects parameter 2 to be array, null given in [/var/www/bookstore/app_controller.php, line 49]
2011-01-12 20:52:00 Warning: Warning (512): <span style="color:Red;text-align:left"><b>SQL Error:</b> 1054: Unknown column 'Sale.date' in 'where clause'</span> in [/usr/share/php/cake/libs/model/datasources/dbo_source.php, line 673]
2011-01-12 20:52:00 Warning: Warning (512): <span style="color:Red;text-align:left"><b>SQL Error:</b> 1054: Unknown column 'Sale.date' in 'where clause'</span> in [/usr/share/php/cake/libs/model/datasources/dbo_source.php, line 673]
2011-01-12 20:52:54 Warning: Warning (512): <span style="color:Red;text-align:left"><b>SQL Error:</b> 1054: Unknown column 'Book.id' in 'field list'</span> in [/usr/share/php/cake/libs/model/datasources/dbo_source.php, line 673]
2011-01-12 22:33:55 Warning: Warning (2): Invalid argument supplied for foreach() in [/var/www/bookstore/views/books/report.ctp, line 57]
2011-01-13 09:24:26 Warning: Warning (2): in_array() expects parameter 2 to be array, null given in [/var/www/bookstore/app_controller.php, line 49]
2011-01-13 09:31:52 Warning: Warning (2): Invalid argument supplied for foreach() in [/var/www/bookstore/views/customers/view.ctp, line 43]
2011-01-13 12:40:42 Warning: Warning (2): in_array() expects parameter 2 to be array, null given in [/var/www/bookstore/app_controller.php, line 49]
2011-01-13 12:54:05 Warning: Warning (2): in_array() expects parameter 2 to be array, null given in [/var/www/bookstore/app_controller.php, line 49]
2011-01-13 13:02:33 Warning: Warning (2): in_array() expects parameter 2 to be array, null given in [/var/www/bookstore/app_controller.php, line 49]
2011-01-13 19:20:48 Warning: Warning (2): in_array() expects parameter 2 to be array, null given in [/var/www/bookstore/app_controller.php, line 49]
2011-01-13 22:13:51 Warning: Warning (2): in_array() expects parameter 2 to be array, null given in [/var/www/bookstore/app_controller.php, line 49]
2011-01-14 10:03:04 Warning: Warning (2): in_array() expects parameter 2 to be array, null given in [/var/www/bookstore/app_controller.php, line 49]
2011-01-14 20:23:54 Warning: Warning (2): Invalid argument supplied for foreach() in [/var/www/bookstore/controllers/carts_controller.php, line 51]
2011-01-14 20:23:55 Warning: Warning (2): Cannot modify header information - headers already sent by (output started at /usr/share/php/cake/libs/debugger.php:673) in [/usr/share/php/cake/libs/controller/controller.php, line 746]
2011-01-15 15:04:27 Warning: Warning (512): <span style="color:Red;text-align:left"><b>SQL Error:</b> 1054: Unknown column 'Book' in 'where clause'</span> in [/usr/share/php/cake/libs/model/datasources/dbo_source.php, line 673]
2011-01-15 15:04:27 Warning: Warning (2): Invalid argument supplied for foreach() in [/var/www/bookstore/views/authors/index.ctp, line 13]
2011-01-15 15:04:27 Warning: Warning (512): <span style="color:Red;text-align:left"><b>SQL Error:</b> 1054: Unknown column 'Book' in 'where clause'</span> in [/usr/share/php/cake/libs/model/datasources/dbo_source.php, line 673]
2011-01-15 15:04:27 Warning: Warning (2): Invalid argument supplied for foreach() in [/var/www/bookstore/views/authors/index.ctp, line 13]
2011-01-15 15:04:51 Warning: Warning (512): <span style="color:Red;text-align:left"><b>SQL Error:</b> 1054: Unknown column 'Book' in 'where clause'</span> in [/usr/share/php/cake/libs/model/datasources/dbo_source.php, line 673]
2011-01-15 15:04:51 Warning: Warning (2): Invalid argument supplied for foreach() in [/var/www/bookstore/views/authors/index.ctp, line 13]
2011-01-15 15:05:10 Warning: Warning (512): <span style="color:Red;text-align:left"><b>SQL Error:</b> 1054: Unknown column 'Book' in 'where clause'</span> in [/usr/share/php/cake/libs/model/datasources/dbo_source.php, line 673]
2011-01-15 15:05:10 Warning: Warning (2): Invalid argument supplied for foreach() in [/var/www/bookstore/views/authors/index.ctp, line 13]
2011-01-15 15:05:21 Warning: Warning (512): <span style="color:Red;text-align:left"><b>SQL Error:</b> 1054: Unknown column 'Book' in 'where clause'</span> in [/usr/share/php/cake/libs/model/datasources/dbo_source.php, line 673]
2011-01-15 15:05:21 Warning: Warning (2): Invalid argument supplied for foreach() in [/var/www/bookstore/views/authors/index.ctp, line 13]
2011-01-15 15:05:49 Warning: Warning (512): <span style="color:Red;text-align:left"><b>SQL Error:</b> 1054: Unknown column 'Book' in 'where clause'</span> in [/usr/share/php/cake/libs/model/datasources/dbo_source.php, line 673]
2011-01-15 15:05:49 Warning: Warning (2): Invalid argument supplied for foreach() in [/var/www/bookstore/views/authors/index.ctp, line 13]
2011-01-15 20:28:48 Warning: Warning (2): Division by zero in [/var/www/bookstore/views/carts/monthlyreport.ctp, line 57]
2011-01-15 20:29:07 Warning: Warning (2): Division by zero in [/var/www/bookstore/views/carts/monthlyreport.ctp, line 57]
2011-01-15 21:51:48 Warning: Warning (2): in_array() expects parameter 2 to be array, null given in [/var/www/bookstore/app_controller.php, line 49]
2011-01-16 10:08:16 Warning: Warning (2): in_array() expects parameter 2 to be array, null given in [/var/www/bookstore/app_controller.php, line 49]
2011-01-16 15:03:07 Warning: Warning (2): in_array() expects parameter 2 to be array, null given in [/var/www/bookstore/app_controller.php, line 49]
2011-01-16 15:03:16 Warning: Warning (2): in_array() expects parameter 2 to be array, null given in [/var/www/bookstore/app_controller.php, line 49]
2011-01-16 15:03:25 Warning: Warning (2): Division by zero in [/var/www/bookstore/views/carts/monthlyreport.ctp, line 66]
2011-01-16 15:03:25 Warning: Warning (2): Division by zero in [/var/www/bookstore/views/carts/monthlyreport.ctp, line 67]
2011-01-16 15:03:25 Warning: Warning (2): Division by zero in [/var/www/bookstore/views/carts/monthlyreport.ctp, line 68]
2011-01-16 15:03:25 Warning: Warning (2): Invalid argument supplied for foreach() in [/var/www/bookstore/views/carts/monthlyreport.ctp, line 141]
2011-01-16 15:03:25 Warning: Warning (2): Invalid argument supplied for foreach() in [/var/www/bookstore/views/carts/monthlyreport.ctp, line 161]
2011-01-16 15:04:34 Warning: Warning (2): Division by zero in [/var/www/bookstore/views/carts/monthlyreport.ctp, line 66]
2011-01-16 15:04:34 Warning: Warning (2): Division by zero in [/var/www/bookstore/views/carts/monthlyreport.ctp, line 67]
2011-01-16 15:04:34 Warning: Warning (2): Division by zero in [/var/www/bookstore/views/carts/monthlyreport.ctp, line 68]
2011-01-16 15:04:34 Warning: Warning (2): Invalid argument supplied for foreach() in [/var/www/bookstore/views/carts/monthlyreport.ctp, line 141]
2011-01-16 15:04:34 Warning: Warning (2): Invalid argument supplied for foreach() in [/var/www/bookstore/views/carts/monthlyreport.ctp, line 161]
2011-01-16 15:05:11 Warning: Warning (2): Division by zero in [/var/www/bookstore/views/carts/monthlyreport.ctp, line 66]
2011-01-16 15:05:11 Warning: Warning (2): Division by zero in [/var/www/bookstore/views/carts/monthlyreport.ctp, line 67]
2011-01-16 15:05:11 Warning: Warning (2): Division by zero in [/var/www/bookstore/views/carts/monthlyreport.ctp, line 68]
2011-01-16 15:05:11 Warning: Warning (2): Invalid argument supplied for foreach() in [/var/www/bookstore/views/carts/monthlyreport.ctp, line 141]
2011-01-16 15:05:11 Warning: Warning (2): Invalid argument supplied for foreach() in [/var/www/bookstore/views/carts/monthlyreport.ctp, line 161]
2011-01-16 15:05:27 Warning: Warning (2): Division by zero in [/var/www/bookstore/views/carts/monthlyreport.ctp, line 66]
2011-01-16 15:05:27 Warning: Warning (2): Division by zero in [/var/www/bookstore/views/carts/monthlyreport.ctp, line 67]
2011-01-16 15:05:27 Warning: Warning (2): Division by zero in [/var/www/bookstore/views/carts/monthlyreport.ctp, line 68]
2011-01-16 15:05:27 Warning: Warning (2): Invalid argument supplied for foreach() in [/var/www/bookstore/views/carts/monthlyreport.ctp, line 141]
2011-01-16 15:05:27 Warning: Warning (2): Invalid argument supplied for foreach() in [/var/www/bookstore/views/carts/monthlyreport.ctp, line 161]
2011-01-16 15:17:14 Warning: Warning (2): Division by zero in [/var/www/bookstore/views/carts/monthlyreport.ctp, line 66]
2011-01-16 15:17:14 Warning: Warning (2): Division by zero in [/var/www/bookstore/views/carts/monthlyreport.ctp, line 67]
2011-01-16 15:17:14 Warning: Warning (2): Division by zero in [/var/www/bookstore/views/carts/monthlyreport.ctp, line 68]
2011-01-16 15:17:14 Warning: Warning (2): Invalid argument supplied for foreach() in [/var/www/bookstore/views/carts/monthlyreport.ctp, line 141]
2011-01-16 15:17:14 Warning: Warning (2): Invalid argument supplied for foreach() in [/var/www/bookstore/views/carts/monthlyreport.ctp, line 161]
2011-01-16 15:17:48 Warning: Warning (2): Division by zero in [/var/www/bookstore/views/carts/monthlyreport.ctp, line 66]
2011-01-16 15:17:48 Warning: Warning (2): Division by zero in [/var/www/bookstore/views/carts/monthlyreport.ctp, line 67]
2011-01-16 15:17:48 Warning: Warning (2): Division by zero in [/var/www/bookstore/views/carts/monthlyreport.ctp, line 68]
2011-01-16 15:17:48 Warning: Warning (2): Invalid argument supplied for foreach() in [/var/www/bookstore/views/carts/monthlyreport.ctp, line 141]
2011-01-16 15:17:48 Warning: Warning (2): Invalid argument supplied for foreach() in [/var/www/bookstore/views/carts/monthlyreport.ctp, line 161]
2011-01-16 17:21:15 Warning: Warning (2): in_array() expects parameter 2 to be array, null given in [/var/www/bookstore/app_controller.php, line 50]
